2022-10-04T15:56:21.213+0700 [main] WARN  org.springframework.boot.autoconfigure.orm.jpa.JpaBaseConfiguration$JpaWebConfiguration - [] - spring.jpa.open-in-view is enabled by default. Therefore, database queries may be performed during view rendering. Explicitly configure spring.jpa.open-in-view to disable this warning
2022-10-04T16:40:39.618+0700 [main] WARN  org.springframework.boot.autoconfigure.orm.jpa.JpaBaseConfiguration$JpaWebConfiguration - [] - spring.jpa.open-in-view is enabled by default. Therefore, database queries may be performed during view rendering. Explicitly configure spring.jpa.open-in-view to disable this warning
2022-10-04T16:46:30.764+0700 [main] WARN  org.springframework.boot.autoconfigure.orm.jpa.JpaBaseConfiguration$JpaWebConfiguration - [] - spring.jpa.open-in-view is enabled by default. Therefore, database queries may be performed during view rendering. Explicitly configure spring.jpa.open-in-view to disable this warning
2022-10-04T16:53:08.563+0700 [main] WARN  org.springframework.boot.autoconfigure.orm.jpa.JpaBaseConfiguration$JpaWebConfiguration - [] - spring.jpa.open-in-view is enabled by default. Therefore, database queries may be performed during view rendering. Explicitly configure spring.jpa.open-in-view to disable this warning
2022-10-04T16:53:08.698+0700 [main] WARN  org.springframework.security.config.annotation.web.builders.WebSecurity - [] - You are asking Spring Security to ignore Ant [pattern='/public/**']. This is not recommended -- please use permitAll via HttpSecurity#authorizeHttpRequests instead.
2022-10-04T16:53:08.699+0700 [main] WARN  org.springframework.security.config.annotation.web.builders.WebSecurity - [] - You are asking Spring Security to ignore Ant [pattern='/*/v3/api-docs/**']. This is not recommended -- please use permitAll via HttpSecurity#authorizeHttpRequests instead.
2022-10-04T16:53:08.699+0700 [main] WARN  org.springframework.security.config.annotation.web.builders.WebSecurity - [] - You are asking Spring Security to ignore Ant [pattern='/*/swagger-ui.html']. This is not recommended -- please use permitAll via HttpSecurity#authorizeHttpRequests instead.
2022-10-04T16:53:08.700+0700 [main] WARN  org.springframework.security.config.annotation.web.builders.WebSecurity - [] - You are asking Spring Security to ignore Ant [pattern='/*/swagger-ui/**']. This is not recommended -- please use permitAll via HttpSecurity#authorizeHttpRequests instead.
2022-10-04T16:53:08.700+0700 [main] WARN  org.springframework.security.config.annotation.web.builders.WebSecurity - [] - You are asking Spring Security to ignore Ant [pattern='/**/api-docs/**']. This is not recommended -- please use permitAll via HttpSecurity#authorizeHttpRequests instead.
2022-10-04T16:57:21.591+0700 [main] WARN  org.springframework.boot.autoconfigure.orm.jpa.JpaBaseConfiguration$JpaWebConfiguration - [] - spring.jpa.open-in-view is enabled by default. Therefore, database queries may be performed during view rendering. Explicitly configure spring.jpa.open-in-view to disable this warning
2022-10-04T16:57:21.726+0700 [main] WARN  org.springframework.security.config.annotation.web.builders.WebSecurity - [] - You are asking Spring Security to ignore Ant [pattern='/public/**']. This is not recommended -- please use permitAll via HttpSecurity#authorizeHttpRequests instead.
2022-10-04T16:57:21.727+0700 [main] WARN  org.springframework.security.config.annotation.web.builders.WebSecurity - [] - You are asking Spring Security to ignore Ant [pattern='/*/v3/api-docs/**']. This is not recommended -- please use permitAll via HttpSecurity#authorizeHttpRequests instead.
2022-10-04T16:57:21.727+0700 [main] WARN  org.springframework.security.config.annotation.web.builders.WebSecurity - [] - You are asking Spring Security to ignore Ant [pattern='/*/swagger-ui.html']. This is not recommended -- please use permitAll via HttpSecurity#authorizeHttpRequests instead.
2022-10-04T16:57:21.727+0700 [main] WARN  org.springframework.security.config.annotation.web.builders.WebSecurity - [] - You are asking Spring Security to ignore Ant [pattern='/*/swagger-ui/**']. This is not recommended -- please use permitAll via HttpSecurity#authorizeHttpRequests instead.
2022-10-04T16:57:21.727+0700 [main] WARN  org.springframework.security.config.annotation.web.builders.WebSecurity - [] - You are asking Spring Security to ignore Ant [pattern='/**/api-docs/**']. This is not recommended -- please use permitAll via HttpSecurity#authorizeHttpRequests instead.
2022-10-04T16:58:40.233+0700 [main] WARN  org.springframework.boot.autoconfigure.orm.jpa.JpaBaseConfiguration$JpaWebConfiguration - [] - spring.jpa.open-in-view is enabled by default. Therefore, database queries may be performed during view rendering. Explicitly configure spring.jpa.open-in-view to disable this warning
2022-10-04T16:58:40.367+0700 [main] WARN  org.springframework.security.config.annotation.web.builders.WebSecurity - [] - You are asking Spring Security to ignore Ant [pattern='/public/**']. This is not recommended -- please use permitAll via HttpSecurity#authorizeHttpRequests instead.
2022-10-04T16:58:40.368+0700 [main] WARN  org.springframework.security.config.annotation.web.builders.WebSecurity - [] - You are asking Spring Security to ignore Ant [pattern='/*/v3/api-docs/**']. This is not recommended -- please use permitAll via HttpSecurity#authorizeHttpRequests instead.
2022-10-04T16:58:40.368+0700 [main] WARN  org.springframework.security.config.annotation.web.builders.WebSecurity - [] - You are asking Spring Security to ignore Ant [pattern='/*/swagger-ui.html']. This is not recommended -- please use permitAll via HttpSecurity#authorizeHttpRequests instead.
2022-10-04T16:58:40.368+0700 [main] WARN  org.springframework.security.config.annotation.web.builders.WebSecurity - [] - You are asking Spring Security to ignore Ant [pattern='/*/swagger-ui/**']. This is not recommended -- please use permitAll via HttpSecurity#authorizeHttpRequests instead.
2022-10-04T16:58:40.368+0700 [main] WARN  org.springframework.security.config.annotation.web.builders.WebSecurity - [] - You are asking Spring Security to ignore Ant [pattern='/**/api-docs/**']. This is not recommended -- please use permitAll via HttpSecurity#authorizeHttpRequests instead.
2022-10-04T17:11:45.487+0700 [main] WARN  org.springframework.boot.autoconfigure.orm.jpa.JpaBaseConfiguration$JpaWebConfiguration - [] - spring.jpa.open-in-view is enabled by default. Therefore, database queries may be performed during view rendering. Explicitly configure spring.jpa.open-in-view to disable this warning
2022-10-04T17:11:45.625+0700 [main] WARN  org.springframework.security.config.annotation.web.builders.WebSecurity - [] - You are asking Spring Security to ignore Ant [pattern='/public/**']. This is not recommended -- please use permitAll via HttpSecurity#authorizeHttpRequests instead.
2022-10-04T17:11:45.626+0700 [main] WARN  org.springframework.security.config.annotation.web.builders.WebSecurity - [] - You are asking Spring Security to ignore Ant [pattern='/*/v3/api-docs/**']. This is not recommended -- please use permitAll via HttpSecurity#authorizeHttpRequests instead.
2022-10-04T17:11:45.626+0700 [main] WARN  org.springframework.security.config.annotation.web.builders.WebSecurity - [] - You are asking Spring Security to ignore Ant [pattern='/*/swagger-ui.html']. This is not recommended -- please use permitAll via HttpSecurity#authorizeHttpRequests instead.
2022-10-04T17:11:45.626+0700 [main] WARN  org.springframework.security.config.annotation.web.builders.WebSecurity - [] - You are asking Spring Security to ignore Ant [pattern='/*/swagger-ui/**']. This is not recommended -- please use permitAll via HttpSecurity#authorizeHttpRequests instead.
2022-10-04T17:11:45.626+0700 [main] WARN  org.springframework.security.config.annotation.web.builders.WebSecurity - [] - You are asking Spring Security to ignore Ant [pattern='/**/api-docs/**']. This is not recommended -- please use permitAll via HttpSecurity#authorizeHttpRequests instead.
2022-10-04T17:24:01.017+0700 [main] WARN  org.springframework.boot.autoconfigure.orm.jpa.JpaBaseConfiguration$JpaWebConfiguration - [] - spring.jpa.open-in-view is enabled by default. Therefore, database queries may be performed during view rendering. Explicitly configure spring.jpa.open-in-view to disable this warning
2022-10-04T17:24:01.164+0700 [main] WARN  org.springframework.security.config.annotation.web.builders.WebSecurity - [] - You are asking Spring Security to ignore Ant [pattern='/public/**']. This is not recommended -- please use permitAll via HttpSecurity#authorizeHttpRequests instead.
2022-10-04T17:24:01.165+0700 [main] WARN  org.springframework.security.config.annotation.web.builders.WebSecurity - [] - You are asking Spring Security to ignore Ant [pattern='/*/v3/api-docs/**']. This is not recommended -- please use permitAll via HttpSecurity#authorizeHttpRequests instead.
2022-10-04T17:24:01.165+0700 [main] WARN  org.springframework.security.config.annotation.web.builders.WebSecurity - [] - You are asking Spring Security to ignore Ant [pattern='/*/swagger-ui.html']. This is not recommended -- please use permitAll via HttpSecurity#authorizeHttpRequests instead.
2022-10-04T17:24:01.165+0700 [main] WARN  org.springframework.security.config.annotation.web.builders.WebSecurity - [] - You are asking Spring Security to ignore Ant [pattern='/*/swagger-ui/**']. This is not recommended -- please use permitAll via HttpSecurity#authorizeHttpRequests instead.
2022-10-04T17:24:01.165+0700 [main] WARN  org.springframework.security.config.annotation.web.builders.WebSecurity - [] - You are asking Spring Security to ignore Ant [pattern='/**/api-docs/**']. This is not recommended -- please use permitAll via HttpSecurity#authorizeHttpRequests instead.
2022-10-04T17:32:35.495+0700 [main] WARN  org.springframework.boot.autoconfigure.orm.jpa.JpaBaseConfiguration$JpaWebConfiguration - [] - spring.jpa.open-in-view is enabled by default. Therefore, database queries may be performed during view rendering. Explicitly configure spring.jpa.open-in-view to disable this warning
2022-10-04T17:32:35.640+0700 [main] WARN  org.springframework.security.config.annotation.web.builders.WebSecurity - [] - You are asking Spring Security to ignore Ant [pattern='/public/**']. This is not recommended -- please use permitAll via HttpSecurity#authorizeHttpRequests instead.
2022-10-04T17:32:35.641+0700 [main] WARN  org.springframework.security.config.annotation.web.builders.WebSecurity - [] - You are asking Spring Security to ignore Ant [pattern='/*/v3/api-docs/**']. This is not recommended -- please use permitAll via HttpSecurity#authorizeHttpRequests instead.
2022-10-04T17:32:35.641+0700 [main] WARN  org.springframework.security.config.annotation.web.builders.WebSecurity - [] - You are asking Spring Security to ignore Ant [pattern='/*/swagger-ui.html']. This is not recommended -- please use permitAll via HttpSecurity#authorizeHttpRequests instead.
2022-10-04T17:32:35.641+0700 [main] WARN  org.springframework.security.config.annotation.web.builders.WebSecurity - [] - You are asking Spring Security to ignore Ant [pattern='/*/swagger-ui/**']. This is not recommended -- please use permitAll via HttpSecurity#authorizeHttpRequests instead.
2022-10-04T17:32:35.641+0700 [main] WARN  org.springframework.security.config.annotation.web.builders.WebSecurity - [] - You are asking Spring Security to ignore Ant [pattern='/**/api-docs/**']. This is not recommended -- please use permitAll via HttpSecurity#authorizeHttpRequests instead.
2022-10-04T17:48:26.931+0700 [main] WARN  org.springframework.boot.autoconfigure.orm.jpa.JpaBaseConfiguration$JpaWebConfiguration - [] - spring.jpa.open-in-view is enabled by default. Therefore, database queries may be performed during view rendering. Explicitly configure spring.jpa.open-in-view to disable this warning
2022-10-04T17:48:27.070+0700 [main] WARN  org.springframework.security.config.annotation.web.builders.WebSecurity - [] - You are asking Spring Security to ignore Ant [pattern='/public/**']. This is not recommended -- please use permitAll via HttpSecurity#authorizeHttpRequests instead.
2022-10-04T17:48:27.072+0700 [main] WARN  org.springframework.security.config.annotation.web.builders.WebSecurity - [] - You are asking Spring Security to ignore Ant [pattern='/*/v3/api-docs/**']. This is not recommended -- please use permitAll via HttpSecurity#authorizeHttpRequests instead.
2022-10-04T17:48:27.072+0700 [main] WARN  org.springframework.security.config.annotation.web.builders.WebSecurity - [] - You are asking Spring Security to ignore Ant [pattern='/*/swagger-ui.html']. This is not recommended -- please use permitAll via HttpSecurity#authorizeHttpRequests instead.
2022-10-04T17:48:27.072+0700 [main] WARN  org.springframework.security.config.annotation.web.builders.WebSecurity - [] - You are asking Spring Security to ignore Ant [pattern='/*/swagger-ui/**']. This is not recommended -- please use permitAll via HttpSecurity#authorizeHttpRequests instead.
2022-10-04T17:48:27.072+0700 [main] WARN  org.springframework.security.config.annotation.web.builders.WebSecurity - [] - You are asking Spring Security to ignore Ant [pattern='/**/api-docs/**']. This is not recommended -- please use permitAll via HttpSecurity#authorizeHttpRequests instead.
2022-10-04T17:50:51.414+0700 [main] WARN  org.springframework.boot.autoconfigure.orm.jpa.JpaBaseConfiguration$JpaWebConfiguration - [] - spring.jpa.open-in-view is enabled by default. Therefore, database queries may be performed during view rendering. Explicitly configure spring.jpa.open-in-view to disable this warning
2022-10-04T17:50:51.560+0700 [main] WARN  org.springframework.security.config.annotation.web.builders.WebSecurity - [] - You are asking Spring Security to ignore Ant [pattern='/public/**']. This is not recommended -- please use permitAll via HttpSecurity#authorizeHttpRequests instead.
2022-10-04T17:50:51.561+0700 [main] WARN  org.springframework.security.config.annotation.web.builders.WebSecurity - [] - You are asking Spring Security to ignore Ant [pattern='/*/v3/api-docs/**']. This is not recommended -- please use permitAll via HttpSecurity#authorizeHttpRequests instead.
2022-10-04T17:50:51.561+0700 [main] WARN  org.springframework.security.config.annotation.web.builders.WebSecurity - [] - You are asking Spring Security to ignore Ant [pattern='/*/swagger-ui.html']. This is not recommended -- please use permitAll via HttpSecurity#authorizeHttpRequests instead.
2022-10-04T17:50:51.561+0700 [main] WARN  org.springframework.security.config.annotation.web.builders.WebSecurity - [] - You are asking Spring Security to ignore Ant [pattern='/*/swagger-ui/**']. This is not recommended -- please use permitAll via HttpSecurity#authorizeHttpRequests instead.
2022-10-04T17:50:51.561+0700 [main] WARN  org.springframework.security.config.annotation.web.builders.WebSecurity - [] - You are asking Spring Security to ignore Ant [pattern='/**/api-docs/**']. This is not recommended -- please use permitAll via HttpSecurity#authorizeHttpRequests instead.
2022-10-04T17:54:33.270+0700 [main] WARN  org.springframework.boot.autoconfigure.orm.jpa.JpaBaseConfiguration$JpaWebConfiguration - [] - spring.jpa.open-in-view is enabled by default. Therefore, database queries may be performed during view rendering. Explicitly configure spring.jpa.open-in-view to disable this warning
2022-10-04T17:54:33.417+0700 [main] WARN  org.springframework.security.config.annotation.web.builders.WebSecurity - [] - You are asking Spring Security to ignore Ant [pattern='/public/**']. This is not recommended -- please use permitAll via HttpSecurity#authorizeHttpRequests instead.
2022-10-04T17:54:33.417+0700 [main] WARN  org.springframework.security.config.annotation.web.builders.WebSecurity - [] - You are asking Spring Security to ignore Ant [pattern='/*/v3/api-docs/**']. This is not recommended -- please use permitAll via HttpSecurity#authorizeHttpRequests instead.
2022-10-04T17:54:33.418+0700 [main] WARN  org.springframework.security.config.annotation.web.builders.WebSecurity - [] - You are asking Spring Security to ignore Ant [pattern='/*/swagger-ui.html']. This is not recommended -- please use permitAll via HttpSecurity#authorizeHttpRequests instead.
2022-10-04T17:54:33.418+0700 [main] WARN  org.springframework.security.config.annotation.web.builders.WebSecurity - [] - You are asking Spring Security to ignore Ant [pattern='/*/swagger-ui/**']. This is not recommended -- please use permitAll via HttpSecurity#authorizeHttpRequests instead.
2022-10-04T17:54:33.418+0700 [main] WARN  org.springframework.security.config.annotation.web.builders.WebSecurity - [] - You are asking Spring Security to ignore Ant [pattern='/**/api-docs/**']. This is not recommended -- please use permitAll via HttpSecurity#authorizeHttpRequests instead.
