2022-10-06T09:42:24.015+0700 [main] WARN  org.springframework.boot.autoconfigure.orm.jpa.JpaBaseConfiguration$JpaWebConfiguration - [] - spring.jpa.open-in-view is enabled by default. Therefore, database queries may be performed during view rendering. Explicitly configure spring.jpa.open-in-view to disable this warning
2022-10-06T09:42:24.225+0700 [main] WARN  org.springframework.security.config.annotation.web.builders.WebSecurity - [] - You are asking Spring Security to ignore Ant [pattern='/public/**']. This is not recommended -- please use permitAll via HttpSecurity#authorizeHttpRequests instead.
2022-10-06T09:42:24.226+0700 [main] WARN  org.springframework.security.config.annotation.web.builders.WebSecurity - [] - You are asking Spring Security to ignore Ant [pattern='/*/v3/api-docs/**']. This is not recommended -- please use permitAll via HttpSecurity#authorizeHttpRequests instead.
2022-10-06T09:42:24.226+0700 [main] WARN  org.springframework.security.config.annotation.web.builders.WebSecurity - [] - You are asking Spring Security to ignore Ant [pattern='/*/swagger-ui.html']. This is not recommended -- please use permitAll via HttpSecurity#authorizeHttpRequests instead.
2022-10-06T09:42:24.227+0700 [main] WARN  org.springframework.security.config.annotation.web.builders.WebSecurity - [] - You are asking Spring Security to ignore Ant [pattern='/*/swagger-ui/**']. This is not recommended -- please use permitAll via HttpSecurity#authorizeHttpRequests instead.
2022-10-06T09:42:24.227+0700 [main] WARN  org.springframework.security.config.annotation.web.builders.WebSecurity - [] - You are asking Spring Security to ignore Ant [pattern='/**/api-docs/**']. This is not recommended -- please use permitAll via HttpSecurity#authorizeHttpRequests instead.
2022-10-06T11:28:10.616+0700 [HikariPool-1 housekeeper] WARN  com.zaxxer.hikari.pool.HikariPool - [] - HikariPool-1 - Thread starvation or clock leap detected (housekeeper delta=1m46s218ms908µs500ns).
2022-10-06T13:00:08.222+0700 [HikariPool-1 housekeeper] WARN  com.zaxxer.hikari.pool.HikariPool - [] - HikariPool-1 - Thread starvation or clock leap detected (housekeeper delta=1m56s46ms917µs900ns).
2022-10-06T17:48:43.357+0700 [main] WARN  org.springframework.boot.autoconfigure.orm.jpa.JpaBaseConfiguration$JpaWebConfiguration - [] - spring.jpa.open-in-view is enabled by default. Therefore, database queries may be performed during view rendering. Explicitly configure spring.jpa.open-in-view to disable this warning
2022-10-06T17:48:43.644+0700 [main] WARN  org.springframework.security.config.annotation.web.builders.WebSecurity - [] - You are asking Spring Security to ignore Ant [pattern='/public/**']. This is not recommended -- please use permitAll via HttpSecurity#authorizeHttpRequests instead.
2022-10-06T17:48:43.645+0700 [main] WARN  org.springframework.security.config.annotation.web.builders.WebSecurity - [] - You are asking Spring Security to ignore Ant [pattern='/*/v3/api-docs/**']. This is not recommended -- please use permitAll via HttpSecurity#authorizeHttpRequests instead.
2022-10-06T17:48:43.645+0700 [main] WARN  org.springframework.security.config.annotation.web.builders.WebSecurity - [] - You are asking Spring Security to ignore Ant [pattern='/*/swagger-ui.html']. This is not recommended -- please use permitAll via HttpSecurity#authorizeHttpRequests instead.
2022-10-06T17:48:43.645+0700 [main] WARN  org.springframework.security.config.annotation.web.builders.WebSecurity - [] - You are asking Spring Security to ignore Ant [pattern='/*/swagger-ui/**']. This is not recommended -- please use permitAll via HttpSecurity#authorizeHttpRequests instead.
2022-10-06T17:48:43.645+0700 [main] WARN  org.springframework.security.config.annotation.web.builders.WebSecurity - [] - You are asking Spring Security to ignore Ant [pattern='/**/api-docs/**']. This is not recommended -- please use permitAll via HttpSecurity#authorizeHttpRequests instead.
2022-10-06T17:51:01.840+0700 [main] WARN  org.springframework.boot.autoconfigure.orm.jpa.JpaBaseConfiguration$JpaWebConfiguration - [] - spring.jpa.open-in-view is enabled by default. Therefore, database queries may be performed during view rendering. Explicitly configure spring.jpa.open-in-view to disable this warning
2022-10-06T17:51:02.023+0700 [main] WARN  org.springframework.security.config.annotation.web.builders.WebSecurity - [] - You are asking Spring Security to ignore Ant [pattern='/public/**']. This is not recommended -- please use permitAll via HttpSecurity#authorizeHttpRequests instead.
2022-10-06T17:51:02.024+0700 [main] WARN  org.springframework.security.config.annotation.web.builders.WebSecurity - [] - You are asking Spring Security to ignore Ant [pattern='/*/v3/api-docs/**']. This is not recommended -- please use permitAll via HttpSecurity#authorizeHttpRequests instead.
2022-10-06T17:51:02.024+0700 [main] WARN  org.springframework.security.config.annotation.web.builders.WebSecurity - [] - You are asking Spring Security to ignore Ant [pattern='/*/swagger-ui.html']. This is not recommended -- please use permitAll via HttpSecurity#authorizeHttpRequests instead.
2022-10-06T17:51:02.024+0700 [main] WARN  org.springframework.security.config.annotation.web.builders.WebSecurity - [] - You are asking Spring Security to ignore Ant [pattern='/*/swagger-ui/**']. This is not recommended -- please use permitAll via HttpSecurity#authorizeHttpRequests instead.
2022-10-06T17:51:02.024+0700 [main] WARN  org.springframework.security.config.annotation.web.builders.WebSecurity - [] - You are asking Spring Security to ignore Ant [pattern='/**/api-docs/**']. This is not recommended -- please use permitAll via HttpSecurity#authorizeHttpRequests instead.
