2022-10-04T15:56:18.109+0700 [main] INFO  com.icheck.backend.BackendApplication - [] - Starting BackendApplication using Java 17.0.1 on DESKTOP-8I9PRAS with PID 18112 (E:\Documents\JAVA\SPRING_BOOT\Stamp-Enterprise-Management-System\backend\target\classes started by Ling in E:\Documents\JAVA\SPRING_BOOT\Stamp-Enterprise-Management-System)
2022-10-04T15:56:18.113+0700 [main] INFO  com.icheck.backend.BackendApplication - [] - No active profile set, falling back to 1 default profile: "default"
2022-10-04T15:56:18.782+0700 [main] INFO  org.springframework.data.repository.config.RepositoryConfigurationDelegate - [] - Bootstrapping Spring Data JPA repositories in DEFAULT mode.
2022-10-04T15:56:18.852+0700 [main] INFO  org.springframework.data.repository.config.RepositoryConfigurationDelegate - [] - Finished Spring Data repository scanning in 58 ms. Found 2 JPA repository interfaces.
2022-10-04T15:56:19.398+0700 [main] INFO  org.springframework.boot.web.embedded.tomcat.TomcatWebServer - [] - Tomcat initialized with port(s): 8081 (http)
2022-10-04T15:56:19.413+0700 [main] INFO  org.apache.coyote.http11.Http11NioProtocol - [] - Initializing ProtocolHandler ["http-nio-8081"]
2022-10-04T15:56:19.413+0700 [main] INFO  org.apache.catalina.core.StandardService - [] - Starting service [Tomcat]
2022-10-04T15:56:19.415+0700 [main] INFO  org.apache.catalina.core.StandardEngine - [] - Starting Servlet engine: [Apache Tomcat/9.0.65]
2022-10-04T15:56:19.548+0700 [main] INFO  org.apache.catalina.core.ContainerBase.[Tomcat].[localhost].[/] - [] - Initializing Spring embedded WebApplicationContext
2022-10-04T15:56:19.548+0700 [main] INFO  org.springframework.boot.web.servlet.context.ServletWebServerApplicationContext - [] - Root WebApplicationContext: initialization completed in 1400 ms
2022-10-04T15:56:19.759+0700 [main] INFO  org.hibernate.Version - [] - HHH000412: Hibernate ORM core version 5.6.10.Final
2022-10-04T15:56:19.921+0700 [main] INFO  org.hibernate.annotations.common.Version - [] - HCANN000001: Hibernate Commons Annotations {5.1.2.Final}
2022-10-04T15:56:20.044+0700 [main] INFO  com.zaxxer.hikari.HikariDataSource - [] - HikariPool-1 - Starting...
2022-10-04T15:56:20.299+0700 [main] INFO  com.zaxxer.hikari.HikariDataSource - [] - HikariPool-1 - Start completed.
2022-10-04T15:56:20.326+0700 [main] INFO  org.hibernate.dialect.Dialect - [] - HHH000400: Using dialect: org.hibernate.dialect.PostgreSQLDialect
2022-10-04T15:56:20.925+0700 [main] INFO  org.hibernate.engine.transaction.jta.platform.internal.JtaPlatformInitiator - [] - HHH000490: Using JtaPlatform implementation: [org.hibernate.engine.transaction.jta.platform.internal.NoJtaPlatform]
2022-10-04T15:56:20.933+0700 [main] INFO  org.springframework.orm.jpa.LocalContainerEntityManagerFactoryBean - [] - Initialized JPA EntityManagerFactory for persistence unit 'default'
2022-10-04T15:56:21.213+0700 [main] WARN  org.springframework.boot.autoconfigure.orm.jpa.JpaBaseConfiguration$JpaWebConfiguration - [] - spring.jpa.open-in-view is enabled by default. Therefore, database queries may be performed during view rendering. Explicitly configure spring.jpa.open-in-view to disable this warning
2022-10-04T15:56:21.371+0700 [main] INFO  org.springframework.security.web.DefaultSecurityFilterChain - [] - Will secure any request with [org.springframework.security.web.session.DisableEncodeUrlFilter@35fac3ba, org.springframework.security.web.context.request.async.WebAsyncManagerIntegrationFilter@50a095cb, org.springframework.security.web.context.SecurityContextPersistenceFilter@25a2c4dc, org.springframework.security.web.header.HeaderWriterFilter@4777f71e, org.springframework.security.web.authentication.logout.LogoutFilter@7135e8cd, com.icheck.backend.filters.JwtRequestFilter@18a096b5, org.springframework.security.web.savedrequest.RequestCacheAwareFilter@18d396eb, org.springframework.security.web.servletapi.SecurityContextHolderAwareRequestFilter@7abd75fc, org.springframework.security.web.authentication.AnonymousAuthenticationFilter@3f2afa8b, org.springframework.security.web.session.SessionManagementFilter@25a52a60, org.springframework.security.web.access.ExceptionTranslationFilter@5cf1bbd3, org.springframework.security.web.access.intercept.AuthorizationFilter@f996445]
2022-10-04T15:56:21.683+0700 [main] INFO  org.apache.coyote.http11.Http11NioProtocol - [] - Starting ProtocolHandler ["http-nio-8081"]
2022-10-04T15:56:21.699+0700 [main] INFO  org.springframework.boot.web.embedded.tomcat.TomcatWebServer - [] - Tomcat started on port(s): 8081 (http) with context path ''
2022-10-04T15:56:21.714+0700 [main] INFO  com.icheck.backend.BackendApplication - [] - Started BackendApplication in 3.969 seconds (JVM running for 5.228)
2022-10-04T16:40:30.432+0700 [SpringApplicationShutdownHook] INFO  org.springframework.orm.jpa.LocalContainerEntityManagerFactoryBean - [] - Closing JPA EntityManagerFactory for persistence unit 'default'
2022-10-04T16:40:30.435+0700 [SpringApplicationShutdownHook] INFO  com.zaxxer.hikari.HikariDataSource - [] - HikariPool-1 - Shutdown initiated...
2022-10-04T16:40:30.438+0700 [SpringApplicationShutdownHook] INFO  com.zaxxer.hikari.HikariDataSource - [] - HikariPool-1 - Shutdown completed.
2022-10-04T16:40:36.347+0700 [main] INFO  com.icheck.backend.BackendApplication - [] - Starting BackendApplication using Java 17.0.1 on DESKTOP-8I9PRAS with PID 15340 (E:\Documents\JAVA\SPRING_BOOT\Stamp-Enterprise-Management-System\backend\target\classes started by Ling in E:\Documents\JAVA\SPRING_BOOT\Stamp-Enterprise-Management-System)
2022-10-04T16:40:36.354+0700 [main] INFO  com.icheck.backend.BackendApplication - [] - No active profile set, falling back to 1 default profile: "default"
2022-10-04T16:40:37.264+0700 [main] INFO  org.springframework.data.repository.config.RepositoryConfigurationDelegate - [] - Bootstrapping Spring Data JPA repositories in DEFAULT mode.
2022-10-04T16:40:37.321+0700 [main] INFO  org.springframework.data.repository.config.RepositoryConfigurationDelegate - [] - Finished Spring Data repository scanning in 48 ms. Found 2 JPA repository interfaces.
2022-10-04T16:40:37.774+0700 [main] INFO  org.springframework.boot.web.embedded.tomcat.TomcatWebServer - [] - Tomcat initialized with port(s): 8081 (http)
2022-10-04T16:40:37.788+0700 [main] INFO  org.apache.coyote.http11.Http11NioProtocol - [] - Initializing ProtocolHandler ["http-nio-8081"]
2022-10-04T16:40:37.789+0700 [main] INFO  org.apache.catalina.core.StandardService - [] - Starting service [Tomcat]
2022-10-04T16:40:37.789+0700 [main] INFO  org.apache.catalina.core.StandardEngine - [] - Starting Servlet engine: [Apache Tomcat/9.0.65]
2022-10-04T16:40:37.926+0700 [main] INFO  org.apache.catalina.core.ContainerBase.[Tomcat].[localhost].[/] - [] - Initializing Spring embedded WebApplicationContext
2022-10-04T16:40:37.926+0700 [main] INFO  org.springframework.boot.web.servlet.context.ServletWebServerApplicationContext - [] - Root WebApplicationContext: initialization completed in 1527 ms
2022-10-04T16:40:38.159+0700 [main] INFO  org.hibernate.Version - [] - HHH000412: Hibernate ORM core version 5.6.10.Final
2022-10-04T16:40:38.341+0700 [main] INFO  org.hibernate.annotations.common.Version - [] - HCANN000001: Hibernate Commons Annotations {5.1.2.Final}
2022-10-04T16:40:38.479+0700 [main] INFO  com.zaxxer.hikari.HikariDataSource - [] - HikariPool-1 - Starting...
2022-10-04T16:40:38.727+0700 [main] INFO  com.zaxxer.hikari.HikariDataSource - [] - HikariPool-1 - Start completed.
2022-10-04T16:40:38.760+0700 [main] INFO  org.hibernate.dialect.Dialect - [] - HHH000400: Using dialect: org.hibernate.dialect.PostgreSQLDialect
2022-10-04T16:40:39.361+0700 [main] INFO  org.hibernate.engine.transaction.jta.platform.internal.JtaPlatformInitiator - [] - HHH000490: Using JtaPlatform implementation: [org.hibernate.engine.transaction.jta.platform.internal.NoJtaPlatform]
2022-10-04T16:40:39.368+0700 [main] INFO  org.springframework.orm.jpa.LocalContainerEntityManagerFactoryBean - [] - Initialized JPA EntityManagerFactory for persistence unit 'default'
2022-10-04T16:40:39.618+0700 [main] WARN  org.springframework.boot.autoconfigure.orm.jpa.JpaBaseConfiguration$JpaWebConfiguration - [] - spring.jpa.open-in-view is enabled by default. Therefore, database queries may be performed during view rendering. Explicitly configure spring.jpa.open-in-view to disable this warning
2022-10-04T16:40:39.777+0700 [main] INFO  org.springframework.security.web.DefaultSecurityFilterChain - [] - Will secure any request with [org.springframework.security.web.session.DisableEncodeUrlFilter@185b7cc6, org.springframework.security.web.context.request.async.WebAsyncManagerIntegrationFilter@2093bb6c, org.springframework.security.web.context.SecurityContextPersistenceFilter@72ce8a9b, org.springframework.security.web.header.HeaderWriterFilter@18d396eb, org.springframework.security.web.authentication.logout.LogoutFilter@6b2efcae, com.icheck.backend.filters.JwtRequestFilter@7d42404e, org.springframework.security.web.savedrequest.RequestCacheAwareFilter@9fc2f89, org.springframework.security.web.servletapi.SecurityContextHolderAwareRequestFilter@3355d9ba, org.springframework.security.web.authentication.AnonymousAuthenticationFilter@528a16fb, org.springframework.security.web.session.SessionManagementFilter@56ec6ac0, org.springframework.security.web.access.ExceptionTranslationFilter@25a2c4dc, org.springframework.security.web.access.intercept.AuthorizationFilter@3adbd038]
2022-10-04T16:40:40.058+0700 [main] INFO  org.apache.coyote.http11.Http11NioProtocol - [] - Starting ProtocolHandler ["http-nio-8081"]
2022-10-04T16:40:40.073+0700 [main] INFO  org.springframework.boot.web.embedded.tomcat.TomcatWebServer - [] - Tomcat started on port(s): 8081 (http) with context path ''
2022-10-04T16:40:40.088+0700 [main] INFO  com.icheck.backend.BackendApplication - [] - Started BackendApplication in 4.034 seconds (JVM running for 5.049)
2022-10-04T16:42:08.319+0700 [http-nio-8081-exec-1] INFO  org.apache.catalina.core.ContainerBase.[Tomcat].[localhost].[/] - [] - Initializing Spring DispatcherServlet 'dispatcherServlet'
2022-10-04T16:42:08.319+0700 [http-nio-8081-exec-1] INFO  org.springframework.web.servlet.DispatcherServlet - [] - Initializing Servlet 'dispatcherServlet'
2022-10-04T16:42:08.320+0700 [http-nio-8081-exec-1] INFO  org.springframework.web.servlet.DispatcherServlet - [] - Completed initialization in 1 ms
2022-10-04T16:46:22.705+0700 [SpringApplicationShutdownHook] INFO  org.springframework.orm.jpa.LocalContainerEntityManagerFactoryBean - [] - Closing JPA EntityManagerFactory for persistence unit 'default'
2022-10-04T16:46:22.707+0700 [SpringApplicationShutdownHook] INFO  com.zaxxer.hikari.HikariDataSource - [] - HikariPool-1 - Shutdown initiated...
2022-10-04T16:46:22.710+0700 [SpringApplicationShutdownHook] INFO  com.zaxxer.hikari.HikariDataSource - [] - HikariPool-1 - Shutdown completed.
2022-10-04T16:46:28.050+0700 [main] INFO  com.icheck.backend.BackendApplication - [] - Starting BackendApplication using Java 17.0.1 on DESKTOP-8I9PRAS with PID 2532 (E:\Documents\JAVA\SPRING_BOOT\Stamp-Enterprise-Management-System\backend\target\classes started by Ling in E:\Documents\JAVA\SPRING_BOOT\Stamp-Enterprise-Management-System)
2022-10-04T16:46:28.055+0700 [main] INFO  com.icheck.backend.BackendApplication - [] - No active profile set, falling back to 1 default profile: "default"
2022-10-04T16:46:28.650+0700 [main] INFO  org.springframework.data.repository.config.RepositoryConfigurationDelegate - [] - Bootstrapping Spring Data JPA repositories in DEFAULT mode.
2022-10-04T16:46:28.713+0700 [main] INFO  org.springframework.data.repository.config.RepositoryConfigurationDelegate - [] - Finished Spring Data repository scanning in 51 ms. Found 2 JPA repository interfaces.
2022-10-04T16:46:29.142+0700 [main] INFO  org.springframework.boot.web.embedded.tomcat.TomcatWebServer - [] - Tomcat initialized with port(s): 8081 (http)
2022-10-04T16:46:29.155+0700 [main] INFO  org.apache.coyote.http11.Http11NioProtocol - [] - Initializing ProtocolHandler ["http-nio-8081"]
2022-10-04T16:46:29.156+0700 [main] INFO  org.apache.catalina.core.StandardService - [] - Starting service [Tomcat]
2022-10-04T16:46:29.156+0700 [main] INFO  org.apache.catalina.core.StandardEngine - [] - Starting Servlet engine: [Apache Tomcat/9.0.65]
2022-10-04T16:46:29.277+0700 [main] INFO  org.apache.catalina.core.ContainerBase.[Tomcat].[localhost].[/] - [] - Initializing Spring embedded WebApplicationContext
2022-10-04T16:46:29.279+0700 [main] INFO  org.springframework.boot.web.servlet.context.ServletWebServerApplicationContext - [] - Root WebApplicationContext: initialization completed in 1178 ms
2022-10-04T16:46:29.453+0700 [main] INFO  org.hibernate.Version - [] - HHH000412: Hibernate ORM core version 5.6.10.Final
2022-10-04T16:46:29.594+0700 [main] INFO  org.hibernate.annotations.common.Version - [] - HCANN000001: Hibernate Commons Annotations {5.1.2.Final}
2022-10-04T16:46:29.701+0700 [main] INFO  com.zaxxer.hikari.HikariDataSource - [] - HikariPool-1 - Starting...
2022-10-04T16:46:29.973+0700 [main] INFO  com.zaxxer.hikari.HikariDataSource - [] - HikariPool-1 - Start completed.
2022-10-04T16:46:29.999+0700 [main] INFO  org.hibernate.dialect.Dialect - [] - HHH000400: Using dialect: org.hibernate.dialect.PostgreSQLDialect
2022-10-04T16:46:30.512+0700 [main] INFO  org.hibernate.engine.transaction.jta.platform.internal.JtaPlatformInitiator - [] - HHH000490: Using JtaPlatform implementation: [org.hibernate.engine.transaction.jta.platform.internal.NoJtaPlatform]
2022-10-04T16:46:30.523+0700 [main] INFO  org.springframework.orm.jpa.LocalContainerEntityManagerFactoryBean - [] - Initialized JPA EntityManagerFactory for persistence unit 'default'
2022-10-04T16:46:30.764+0700 [main] WARN  org.springframework.boot.autoconfigure.orm.jpa.JpaBaseConfiguration$JpaWebConfiguration - [] - spring.jpa.open-in-view is enabled by default. Therefore, database queries may be performed during view rendering. Explicitly configure spring.jpa.open-in-view to disable this warning
2022-10-04T16:46:30.915+0700 [main] INFO  org.springframework.security.web.DefaultSecurityFilterChain - [] - Will secure any request with [org.springframework.security.web.session.DisableEncodeUrlFilter@2a79da3a, org.springframework.security.web.context.request.async.WebAsyncManagerIntegrationFilter@2a191f83, org.springframework.security.web.context.SecurityContextPersistenceFilter@46b55a0e, org.springframework.security.web.header.HeaderWriterFilter@716eae1, org.springframework.security.web.authentication.logout.LogoutFilter@f996445, com.icheck.backend.filters.JwtRequestFilter@21ea996f, org.springframework.security.web.savedrequest.RequestCacheAwareFilter@31b67d61, org.springframework.security.web.servletapi.SecurityContextHolderAwareRequestFilter@9fc2f89, org.springframework.security.web.authentication.AnonymousAuthenticationFilter@c8531b9, org.springframework.security.web.session.SessionManagementFilter@75e92bb7, org.springframework.security.web.access.ExceptionTranslationFilter@64eb14da, org.springframework.security.web.access.intercept.AuthorizationFilter@8aa1562]
2022-10-04T16:46:31.201+0700 [main] INFO  org.apache.coyote.http11.Http11NioProtocol - [] - Starting ProtocolHandler ["http-nio-8081"]
2022-10-04T16:46:31.214+0700 [main] INFO  org.springframework.boot.web.embedded.tomcat.TomcatWebServer - [] - Tomcat started on port(s): 8081 (http) with context path ''
2022-10-04T16:46:31.228+0700 [main] INFO  com.icheck.backend.BackendApplication - [] - Started BackendApplication in 3.538 seconds (JVM running for 4.411)
2022-10-04T16:46:41.468+0700 [http-nio-8081-exec-1] INFO  org.apache.catalina.core.ContainerBase.[Tomcat].[localhost].[/] - [] - Initializing Spring DispatcherServlet 'dispatcherServlet'
2022-10-04T16:46:41.469+0700 [http-nio-8081-exec-1] INFO  org.springframework.web.servlet.DispatcherServlet - [] - Initializing Servlet 'dispatcherServlet'
2022-10-04T16:46:41.470+0700 [http-nio-8081-exec-1] INFO  org.springframework.web.servlet.DispatcherServlet - [] - Completed initialization in 1 ms
2022-10-04T16:53:00.355+0700 [SpringApplicationShutdownHook] INFO  org.springframework.orm.jpa.LocalContainerEntityManagerFactoryBean - [] - Closing JPA EntityManagerFactory for persistence unit 'default'
2022-10-04T16:53:00.357+0700 [SpringApplicationShutdownHook] INFO  com.zaxxer.hikari.HikariDataSource - [] - HikariPool-1 - Shutdown initiated...
2022-10-04T16:53:00.359+0700 [SpringApplicationShutdownHook] INFO  com.zaxxer.hikari.HikariDataSource - [] - HikariPool-1 - Shutdown completed.
2022-10-04T16:53:05.899+0700 [main] INFO  com.icheck.backend.BackendApplication - [] - Starting BackendApplication using Java 17.0.1 on DESKTOP-8I9PRAS with PID 12420 (E:\Documents\JAVA\SPRING_BOOT\Stamp-Enterprise-Management-System\backend\target\classes started by Ling in E:\Documents\JAVA\SPRING_BOOT\Stamp-Enterprise-Management-System)
2022-10-04T16:53:05.903+0700 [main] INFO  com.icheck.backend.BackendApplication - [] - No active profile set, falling back to 1 default profile: "default"
2022-10-04T16:53:06.495+0700 [main] INFO  org.springframework.data.repository.config.RepositoryConfigurationDelegate - [] - Bootstrapping Spring Data JPA repositories in DEFAULT mode.
2022-10-04T16:53:06.551+0700 [main] INFO  org.springframework.data.repository.config.RepositoryConfigurationDelegate - [] - Finished Spring Data repository scanning in 45 ms. Found 2 JPA repository interfaces.
2022-10-04T16:53:06.999+0700 [main] INFO  org.springframework.boot.web.embedded.tomcat.TomcatWebServer - [] - Tomcat initialized with port(s): 8081 (http)
2022-10-04T16:53:07.012+0700 [main] INFO  org.apache.coyote.http11.Http11NioProtocol - [] - Initializing ProtocolHandler ["http-nio-8081"]
2022-10-04T16:53:07.013+0700 [main] INFO  org.apache.catalina.core.StandardService - [] - Starting service [Tomcat]
2022-10-04T16:53:07.013+0700 [main] INFO  org.apache.catalina.core.StandardEngine - [] - Starting Servlet engine: [Apache Tomcat/9.0.65]
2022-10-04T16:53:07.123+0700 [main] INFO  org.apache.catalina.core.ContainerBase.[Tomcat].[localhost].[/] - [] - Initializing Spring embedded WebApplicationContext
2022-10-04T16:53:07.123+0700 [main] INFO  org.springframework.boot.web.servlet.context.ServletWebServerApplicationContext - [] - Root WebApplicationContext: initialization completed in 1179 ms
2022-10-04T16:53:07.300+0700 [main] INFO  org.hibernate.Version - [] - HHH000412: Hibernate ORM core version 5.6.10.Final
2022-10-04T16:53:07.434+0700 [main] INFO  org.hibernate.annotations.common.Version - [] - HCANN000001: Hibernate Commons Annotations {5.1.2.Final}
2022-10-04T16:53:07.542+0700 [main] INFO  com.zaxxer.hikari.HikariDataSource - [] - HikariPool-1 - Starting...
2022-10-04T16:53:07.760+0700 [main] INFO  com.zaxxer.hikari.HikariDataSource - [] - HikariPool-1 - Start completed.
2022-10-04T16:53:07.780+0700 [main] INFO  org.hibernate.dialect.Dialect - [] - HHH000400: Using dialect: org.hibernate.dialect.PostgreSQLDialect
2022-10-04T16:53:08.296+0700 [main] INFO  org.hibernate.engine.transaction.jta.platform.internal.JtaPlatformInitiator - [] - HHH000490: Using JtaPlatform implementation: [org.hibernate.engine.transaction.jta.platform.internal.NoJtaPlatform]
2022-10-04T16:53:08.303+0700 [main] INFO  org.springframework.orm.jpa.LocalContainerEntityManagerFactoryBean - [] - Initialized JPA EntityManagerFactory for persistence unit 'default'
2022-10-04T16:53:08.563+0700 [main] WARN  org.springframework.boot.autoconfigure.orm.jpa.JpaBaseConfiguration$JpaWebConfiguration - [] - spring.jpa.open-in-view is enabled by default. Therefore, database queries may be performed during view rendering. Explicitly configure spring.jpa.open-in-view to disable this warning
2022-10-04T16:53:08.698+0700 [main] WARN  org.springframework.security.config.annotation.web.builders.WebSecurity - [] - You are asking Spring Security to ignore Ant [pattern='/public/**']. This is not recommended -- please use permitAll via HttpSecurity#authorizeHttpRequests instead.
2022-10-04T16:53:08.698+0700 [main] INFO  org.springframework.security.web.DefaultSecurityFilterChain - [] - Will not secure Ant [pattern='/public/**']
2022-10-04T16:53:08.699+0700 [main] WARN  org.springframework.security.config.annotation.web.builders.WebSecurity - [] - You are asking Spring Security to ignore Ant [pattern='/*/v3/api-docs/**']. This is not recommended -- please use permitAll via HttpSecurity#authorizeHttpRequests instead.
2022-10-04T16:53:08.699+0700 [main] INFO  org.springframework.security.web.DefaultSecurityFilterChain - [] - Will not secure Ant [pattern='/*/v3/api-docs/**']
2022-10-04T16:53:08.699+0700 [main] WARN  org.springframework.security.config.annotation.web.builders.WebSecurity - [] - You are asking Spring Security to ignore Ant [pattern='/*/swagger-ui.html']. This is not recommended -- please use permitAll via HttpSecurity#authorizeHttpRequests instead.
2022-10-04T16:53:08.700+0700 [main] INFO  org.springframework.security.web.DefaultSecurityFilterChain - [] - Will not secure Ant [pattern='/*/swagger-ui.html']
2022-10-04T16:53:08.700+0700 [main] WARN  org.springframework.security.config.annotation.web.builders.WebSecurity - [] - You are asking Spring Security to ignore Ant [pattern='/*/swagger-ui/**']. This is not recommended -- please use permitAll via HttpSecurity#authorizeHttpRequests instead.
2022-10-04T16:53:08.700+0700 [main] INFO  org.springframework.security.web.DefaultSecurityFilterChain - [] - Will not secure Ant [pattern='/*/swagger-ui/**']
2022-10-04T16:53:08.700+0700 [main] WARN  org.springframework.security.config.annotation.web.builders.WebSecurity - [] - You are asking Spring Security to ignore Ant [pattern='/**/api-docs/**']. This is not recommended -- please use permitAll via HttpSecurity#authorizeHttpRequests instead.
2022-10-04T16:53:08.700+0700 [main] INFO  org.springframework.security.web.DefaultSecurityFilterChain - [] - Will not secure Ant [pattern='/**/api-docs/**']
2022-10-04T16:53:08.715+0700 [main] INFO  org.springframework.security.web.DefaultSecurityFilterChain - [] - Will secure any request with [org.springframework.security.web.session.DisableEncodeUrlFilter@4ac77269, org.springframework.security.web.context.request.async.WebAsyncManagerIntegrationFilter@638d624a, org.springframework.security.web.context.SecurityContextPersistenceFilter@2ecc4be7, org.springframework.security.web.header.HeaderWriterFilter@31b67d61, org.springframework.security.web.authentication.logout.LogoutFilter@3adbd038, com.icheck.backend.filters.JwtRequestFilter@6af5b246, org.springframework.security.web.savedrequest.RequestCacheAwareFilter@5357de0e, org.springframework.security.web.servletapi.SecurityContextHolderAwareRequestFilter@34e53c02, org.springframework.security.web.authentication.AnonymousAuthenticationFilter@7eb774c3, org.springframework.security.web.session.SessionManagementFilter@7c5c2b17, org.springframework.security.web.access.ExceptionTranslationFilter@46b55a0e, org.springframework.security.web.access.intercept.AuthorizationFilter@758d0555]
2022-10-04T16:53:09.002+0700 [main] INFO  org.apache.coyote.http11.Http11NioProtocol - [] - Starting ProtocolHandler ["http-nio-8081"]
2022-10-04T16:53:09.016+0700 [main] INFO  org.springframework.boot.web.embedded.tomcat.TomcatWebServer - [] - Tomcat started on port(s): 8081 (http) with context path ''
2022-10-04T16:53:09.032+0700 [main] INFO  com.icheck.backend.BackendApplication - [] - Started BackendApplication in 3.462 seconds (JVM running for 4.287)
2022-10-04T16:56:02.757+0700 [http-nio-8081-exec-1] INFO  org.apache.catalina.core.ContainerBase.[Tomcat].[localhost].[/] - [] - Initializing Spring DispatcherServlet 'dispatcherServlet'
2022-10-04T16:56:02.757+0700 [http-nio-8081-exec-1] INFO  org.springframework.web.servlet.DispatcherServlet - [] - Initializing Servlet 'dispatcherServlet'
2022-10-04T16:56:02.758+0700 [http-nio-8081-exec-1] INFO  org.springframework.web.servlet.DispatcherServlet - [] - Completed initialization in 1 ms
2022-10-04T16:57:13.863+0700 [SpringApplicationShutdownHook] INFO  org.springframework.orm.jpa.LocalContainerEntityManagerFactoryBean - [] - Closing JPA EntityManagerFactory for persistence unit 'default'
2022-10-04T16:57:13.865+0700 [SpringApplicationShutdownHook] INFO  com.zaxxer.hikari.HikariDataSource - [] - HikariPool-1 - Shutdown initiated...
2022-10-04T16:57:13.868+0700 [SpringApplicationShutdownHook] INFO  com.zaxxer.hikari.HikariDataSource - [] - HikariPool-1 - Shutdown completed.
2022-10-04T16:57:18.978+0700 [main] INFO  com.icheck.backend.BackendApplication - [] - Starting BackendApplication using Java 17.0.1 on DESKTOP-8I9PRAS with PID 14944 (E:\Documents\JAVA\SPRING_BOOT\Stamp-Enterprise-Management-System\backend\target\classes started by Ling in E:\Documents\JAVA\SPRING_BOOT\Stamp-Enterprise-Management-System)
2022-10-04T16:57:18.983+0700 [main] INFO  com.icheck.backend.BackendApplication - [] - No active profile set, falling back to 1 default profile: "default"
2022-10-04T16:57:19.546+0700 [main] INFO  org.springframework.data.repository.config.RepositoryConfigurationDelegate - [] - Bootstrapping Spring Data JPA repositories in DEFAULT mode.
2022-10-04T16:57:19.602+0700 [main] INFO  org.springframework.data.repository.config.RepositoryConfigurationDelegate - [] - Finished Spring Data repository scanning in 45 ms. Found 2 JPA repository interfaces.
2022-10-04T16:57:20.033+0700 [main] INFO  org.springframework.boot.web.embedded.tomcat.TomcatWebServer - [] - Tomcat initialized with port(s): 8081 (http)
2022-10-04T16:57:20.047+0700 [main] INFO  org.apache.coyote.http11.Http11NioProtocol - [] - Initializing ProtocolHandler ["http-nio-8081"]
2022-10-04T16:57:20.047+0700 [main] INFO  org.apache.catalina.core.StandardService - [] - Starting service [Tomcat]
2022-10-04T16:57:20.048+0700 [main] INFO  org.apache.catalina.core.StandardEngine - [] - Starting Servlet engine: [Apache Tomcat/9.0.65]
2022-10-04T16:57:20.176+0700 [main] INFO  org.apache.catalina.core.ContainerBase.[Tomcat].[localhost].[/] - [] - Initializing Spring embedded WebApplicationContext
2022-10-04T16:57:20.176+0700 [main] INFO  org.springframework.boot.web.servlet.context.ServletWebServerApplicationContext - [] - Root WebApplicationContext: initialization completed in 1153 ms
2022-10-04T16:57:20.358+0700 [main] INFO  org.hibernate.Version - [] - HHH000412: Hibernate ORM core version 5.6.10.Final
2022-10-04T16:57:20.489+0700 [main] INFO  org.hibernate.annotations.common.Version - [] - HCANN000001: Hibernate Commons Annotations {5.1.2.Final}
2022-10-04T16:57:20.596+0700 [main] INFO  com.zaxxer.hikari.HikariDataSource - [] - HikariPool-1 - Starting...
2022-10-04T16:57:20.816+0700 [main] INFO  com.zaxxer.hikari.HikariDataSource - [] - HikariPool-1 - Start completed.
2022-10-04T16:57:20.835+0700 [main] INFO  org.hibernate.dialect.Dialect - [] - HHH000400: Using dialect: org.hibernate.dialect.PostgreSQLDialect
2022-10-04T16:57:21.337+0700 [main] INFO  org.hibernate.engine.transaction.jta.platform.internal.JtaPlatformInitiator - [] - HHH000490: Using JtaPlatform implementation: [org.hibernate.engine.transaction.jta.platform.internal.NoJtaPlatform]
2022-10-04T16:57:21.345+0700 [main] INFO  org.springframework.orm.jpa.LocalContainerEntityManagerFactoryBean - [] - Initialized JPA EntityManagerFactory for persistence unit 'default'
2022-10-04T16:57:21.591+0700 [main] WARN  org.springframework.boot.autoconfigure.orm.jpa.JpaBaseConfiguration$JpaWebConfiguration - [] - spring.jpa.open-in-view is enabled by default. Therefore, database queries may be performed during view rendering. Explicitly configure spring.jpa.open-in-view to disable this warning
2022-10-04T16:57:21.726+0700 [main] WARN  org.springframework.security.config.annotation.web.builders.WebSecurity - [] - You are asking Spring Security to ignore Ant [pattern='/public/**']. This is not recommended -- please use permitAll via HttpSecurity#authorizeHttpRequests instead.
2022-10-04T16:57:21.726+0700 [main] INFO  org.springframework.security.web.DefaultSecurityFilterChain - [] - Will not secure Ant [pattern='/public/**']
2022-10-04T16:57:21.727+0700 [main] WARN  org.springframework.security.config.annotation.web.builders.WebSecurity - [] - You are asking Spring Security to ignore Ant [pattern='/*/v3/api-docs/**']. This is not recommended -- please use permitAll via HttpSecurity#authorizeHttpRequests instead.
2022-10-04T16:57:21.727+0700 [main] INFO  org.springframework.security.web.DefaultSecurityFilterChain - [] - Will not secure Ant [pattern='/*/v3/api-docs/**']
2022-10-04T16:57:21.727+0700 [main] WARN  org.springframework.security.config.annotation.web.builders.WebSecurity - [] - You are asking Spring Security to ignore Ant [pattern='/*/swagger-ui.html']. This is not recommended -- please use permitAll via HttpSecurity#authorizeHttpRequests instead.
2022-10-04T16:57:21.727+0700 [main] INFO  org.springframework.security.web.DefaultSecurityFilterChain - [] - Will not secure Ant [pattern='/*/swagger-ui.html']
2022-10-04T16:57:21.727+0700 [main] WARN  org.springframework.security.config.annotation.web.builders.WebSecurity - [] - You are asking Spring Security to ignore Ant [pattern='/*/swagger-ui/**']. This is not recommended -- please use permitAll via HttpSecurity#authorizeHttpRequests instead.
2022-10-04T16:57:21.727+0700 [main] INFO  org.springframework.security.web.DefaultSecurityFilterChain - [] - Will not secure Ant [pattern='/*/swagger-ui/**']
2022-10-04T16:57:21.727+0700 [main] WARN  org.springframework.security.config.annotation.web.builders.WebSecurity - [] - You are asking Spring Security to ignore Ant [pattern='/**/api-docs/**']. This is not recommended -- please use permitAll via HttpSecurity#authorizeHttpRequests instead.
2022-10-04T16:57:21.727+0700 [main] INFO  org.springframework.security.web.DefaultSecurityFilterChain - [] - Will not secure Ant [pattern='/**/api-docs/**']
2022-10-04T16:57:21.743+0700 [main] INFO  org.springframework.security.web.DefaultSecurityFilterChain - [] - Will secure any request with [org.springframework.security.web.session.DisableEncodeUrlFilter@72015156, org.springframework.security.web.context.request.async.WebAsyncManagerIntegrationFilter@3a42145, org.springframework.security.web.context.SecurityContextPersistenceFilter@6f651ac, org.springframework.security.web.header.HeaderWriterFilter@56ec6ac0, org.springframework.security.web.authentication.logout.LogoutFilter@193d7ac7, com.icheck.backend.filters.JwtRequestFilter@31723307, org.springframework.security.web.savedrequest.RequestCacheAwareFilter@57ac2910, org.springframework.security.web.servletapi.SecurityContextHolderAwareRequestFilter@5527dbb0, org.springframework.security.web.authentication.AnonymousAuthenticationFilter@bb38c49, org.springframework.security.web.session.SessionManagementFilter@2ecc4be7, org.springframework.security.web.access.ExceptionTranslationFilter@2b66bf1c, org.springframework.security.web.access.intercept.AuthorizationFilter@638d624a]
2022-10-04T16:57:22.024+0700 [main] INFO  org.apache.coyote.http11.Http11NioProtocol - [] - Starting ProtocolHandler ["http-nio-8081"]
2022-10-04T16:57:22.039+0700 [main] INFO  org.springframework.boot.web.embedded.tomcat.TomcatWebServer - [] - Tomcat started on port(s): 8081 (http) with context path ''
2022-10-04T16:57:22.052+0700 [main] INFO  com.icheck.backend.BackendApplication - [] - Started BackendApplication in 3.388 seconds (JVM running for 4.191)
2022-10-04T16:57:27.748+0700 [http-nio-8081-exec-1] INFO  org.apache.catalina.core.ContainerBase.[Tomcat].[localhost].[/] - [] - Initializing Spring DispatcherServlet 'dispatcherServlet'
2022-10-04T16:57:27.748+0700 [http-nio-8081-exec-1] INFO  org.springframework.web.servlet.DispatcherServlet - [] - Initializing Servlet 'dispatcherServlet'
2022-10-04T16:57:27.749+0700 [http-nio-8081-exec-1] INFO  org.springframework.web.servlet.DispatcherServlet - [] - Completed initialization in 1 ms
2022-10-04T16:57:40.586+0700 [http-nio-8081-exec-2] ERROR org.apache.catalina.core.ContainerBase.[Tomcat].[localhost].[/].[dispatcherServlet] - [] - Servlet.service() for servlet [dispatcherServlet] in context with path [] threw exception
io.jsonwebtoken.ExpiredJwtException: JWT expired at 2022-09-30T21:05:59Z. Current time: 2022-10-04T16:57:40Z, a difference of 330701585 milliseconds.  Allowed clock skew: 0 milliseconds.
	at io.jsonwebtoken.impl.DefaultJwtParser.parse(DefaultJwtParser.java:385) ~[jjwt-0.9.1.jar:0.9.1]
	at io.jsonwebtoken.impl.DefaultJwtParser.parse(DefaultJwtParser.java:481) ~[jjwt-0.9.1.jar:0.9.1]
	at io.jsonwebtoken.impl.DefaultJwtParser.parseClaimsJws(DefaultJwtParser.java:541) ~[jjwt-0.9.1.jar:0.9.1]
	at com.icheck.backend.util.JwtUtil.extractAllClaim(JwtUtil.java:40) ~[classes/:?]
	at com.icheck.backend.util.JwtUtil.extractClaim(JwtUtil.java:35) ~[classes/:?]
	at com.icheck.backend.util.JwtUtil.extractUsername(JwtUtil.java:45) ~[classes/:?]
	at com.icheck.backend.filters.JwtRequestFilter.doFilterInternal(JwtRequestFilter.java:40) ~[classes/:?]
	at org.springframework.web.filter.OncePerRequestFilter.doFilter(OncePerRequestFilter.java:117) ~[spring-web-5.3.22.jar:5.3.22]
	at org.apache.catalina.core.ApplicationFilterChain.internalDoFilter(ApplicationFilterChain.java:189) ~[tomcat-embed-core-9.0.65.jar:9.0.65]
	at org.apache.catalina.core.ApplicationFilterChain.doFilter(ApplicationFilterChain.java:162) ~[tomcat-embed-core-9.0.65.jar:9.0.65]
	at org.springframework.security.web.FilterChainProxy.doFilterInternal(FilterChainProxy.java:214) ~[spring-security-web-5.7.3.jar:5.7.3]
	at org.springframework.security.web.FilterChainProxy.doFilter(FilterChainProxy.java:186) ~[spring-security-web-5.7.3.jar:5.7.3]
	at org.springframework.web.filter.DelegatingFilterProxy.invokeDelegate(DelegatingFilterProxy.java:354) ~[spring-web-5.3.22.jar:5.3.22]
	at org.springframework.web.filter.DelegatingFilterProxy.doFilter(DelegatingFilterProxy.java:267) ~[spring-web-5.3.22.jar:5.3.22]
	at org.apache.catalina.core.ApplicationFilterChain.internalDoFilter(ApplicationFilterChain.java:189) ~[tomcat-embed-core-9.0.65.jar:9.0.65]
	at org.apache.catalina.core.ApplicationFilterChain.doFilter(ApplicationFilterChain.java:162) ~[tomcat-embed-core-9.0.65.jar:9.0.65]
	at org.springframework.web.filter.RequestContextFilter.doFilterInternal(RequestContextFilter.java:100) ~[spring-web-5.3.22.jar:5.3.22]
	at org.springframework.web.filter.OncePerRequestFilter.doFilter(OncePerRequestFilter.java:117) ~[spring-web-5.3.22.jar:5.3.22]
	at org.apache.catalina.core.ApplicationFilterChain.internalDoFilter(ApplicationFilterChain.java:189) ~[tomcat-embed-core-9.0.65.jar:9.0.65]
	at org.apache.catalina.core.ApplicationFilterChain.doFilter(ApplicationFilterChain.java:162) ~[tomcat-embed-core-9.0.65.jar:9.0.65]
	at org.springframework.web.filter.FormContentFilter.doFilterInternal(FormContentFilter.java:93) ~[spring-web-5.3.22.jar:5.3.22]
	at org.springframework.web.filter.OncePerRequestFilter.doFilter(OncePerRequestFilter.java:117) ~[spring-web-5.3.22.jar:5.3.22]
	at org.apache.catalina.core.ApplicationFilterChain.internalDoFilter(ApplicationFilterChain.java:189) ~[tomcat-embed-core-9.0.65.jar:9.0.65]
	at org.apache.catalina.core.ApplicationFilterChain.doFilter(ApplicationFilterChain.java:162) ~[tomcat-embed-core-9.0.65.jar:9.0.65]
	at org.springframework.web.filter.CharacterEncodingFilter.doFilterInternal(CharacterEncodingFilter.java:201) ~[spring-web-5.3.22.jar:5.3.22]
	at org.springframework.web.filter.OncePerRequestFilter.doFilter(OncePerRequestFilter.java:117) ~[spring-web-5.3.22.jar:5.3.22]
	at org.apache.catalina.core.ApplicationFilterChain.internalDoFilter(ApplicationFilterChain.java:189) ~[tomcat-embed-core-9.0.65.jar:9.0.65]
	at org.apache.catalina.core.ApplicationFilterChain.doFilter(ApplicationFilterChain.java:162) ~[tomcat-embed-core-9.0.65.jar:9.0.65]
	at org.apache.catalina.core.StandardWrapperValve.invoke(StandardWrapperValve.java:197) ~[tomcat-embed-core-9.0.65.jar:9.0.65]
	at org.apache.catalina.core.StandardContextValve.invoke(StandardContextValve.java:97) ~[tomcat-embed-core-9.0.65.jar:9.0.65]
	at org.apache.catalina.authenticator.AuthenticatorBase.invoke(AuthenticatorBase.java:541) ~[tomcat-embed-core-9.0.65.jar:9.0.65]
	at org.apache.catalina.core.StandardHostValve.invoke(StandardHostValve.java:135) ~[tomcat-embed-core-9.0.65.jar:9.0.65]
	at org.apache.catalina.valves.ErrorReportValve.invoke(ErrorReportValve.java:92) ~[tomcat-embed-core-9.0.65.jar:9.0.65]
	at org.apache.catalina.core.StandardEngineValve.invoke(StandardEngineValve.java:78) ~[tomcat-embed-core-9.0.65.jar:9.0.65]
	at org.apache.catalina.connector.CoyoteAdapter.service(CoyoteAdapter.java:360) ~[tomcat-embed-core-9.0.65.jar:9.0.65]
	at org.apache.coyote.http11.Http11Processor.service(Http11Processor.java:399) ~[tomcat-embed-core-9.0.65.jar:9.0.65]
	at org.apache.coyote.AbstractProcessorLight.process(AbstractProcessorLight.java:65) ~[tomcat-embed-core-9.0.65.jar:9.0.65]
	at org.apache.coyote.AbstractProtocol$ConnectionHandler.process(AbstractProtocol.java:890) ~[tomcat-embed-core-9.0.65.jar:9.0.65]
	at org.apache.tomcat.util.net.NioEndpoint$SocketProcessor.doRun(NioEndpoint.java:1789) ~[tomcat-embed-core-9.0.65.jar:9.0.65]
	at org.apache.tomcat.util.net.SocketProcessorBase.run(SocketProcessorBase.java:49) ~[tomcat-embed-core-9.0.65.jar:9.0.65]
	at org.apache.tomcat.util.threads.ThreadPoolExecutor.runWorker(ThreadPoolExecutor.java:1191) ~[tomcat-embed-core-9.0.65.jar:9.0.65]
	at org.apache.tomcat.util.threads.ThreadPoolExecutor$Worker.run(ThreadPoolExecutor.java:659) ~[tomcat-embed-core-9.0.65.jar:9.0.65]
	at org.apache.tomcat.util.threads.TaskThread$WrappingRunnable.run(TaskThread.java:61) ~[tomcat-embed-core-9.0.65.jar:9.0.65]
	at java.lang.Thread.run(Thread.java:833) ~[?:?]
2022-10-04T16:58:31.965+0700 [SpringApplicationShutdownHook] INFO  org.springframework.orm.jpa.LocalContainerEntityManagerFactoryBean - [] - Closing JPA EntityManagerFactory for persistence unit 'default'
2022-10-04T16:58:31.966+0700 [SpringApplicationShutdownHook] INFO  com.zaxxer.hikari.HikariDataSource - [] - HikariPool-1 - Shutdown initiated...
2022-10-04T16:58:31.968+0700 [SpringApplicationShutdownHook] INFO  com.zaxxer.hikari.HikariDataSource - [] - HikariPool-1 - Shutdown completed.
2022-10-04T16:58:37.424+0700 [main] INFO  com.icheck.backend.BackendApplication - [] - Starting BackendApplication using Java 17.0.1 on DESKTOP-8I9PRAS with PID 8324 (E:\Documents\JAVA\SPRING_BOOT\Stamp-Enterprise-Management-System\backend\target\classes started by Ling in E:\Documents\JAVA\SPRING_BOOT\Stamp-Enterprise-Management-System)
2022-10-04T16:58:37.430+0700 [main] INFO  com.icheck.backend.BackendApplication - [] - No active profile set, falling back to 1 default profile: "default"
2022-10-04T16:58:38.004+0700 [main] INFO  org.springframework.data.repository.config.RepositoryConfigurationDelegate - [] - Bootstrapping Spring Data JPA repositories in DEFAULT mode.
2022-10-04T16:58:38.061+0700 [main] INFO  org.springframework.data.repository.config.RepositoryConfigurationDelegate - [] - Finished Spring Data repository scanning in 48 ms. Found 2 JPA repository interfaces.
2022-10-04T16:58:38.500+0700 [main] INFO  org.springframework.boot.web.embedded.tomcat.TomcatWebServer - [] - Tomcat initialized with port(s): 8081 (http)
2022-10-04T16:58:38.513+0700 [main] INFO  org.apache.coyote.http11.Http11NioProtocol - [] - Initializing ProtocolHandler ["http-nio-8081"]
2022-10-04T16:58:38.514+0700 [main] INFO  org.apache.catalina.core.StandardService - [] - Starting service [Tomcat]
2022-10-04T16:58:38.515+0700 [main] INFO  org.apache.catalina.core.StandardEngine - [] - Starting Servlet engine: [Apache Tomcat/9.0.65]
2022-10-04T16:58:38.627+0700 [main] INFO  org.apache.catalina.core.ContainerBase.[Tomcat].[localhost].[/] - [] - Initializing Spring embedded WebApplicationContext
2022-10-04T16:58:38.627+0700 [main] INFO  org.springframework.boot.web.servlet.context.ServletWebServerApplicationContext - [] - Root WebApplicationContext: initialization completed in 1155 ms
2022-10-04T16:58:38.816+0700 [main] INFO  org.hibernate.Version - [] - HHH000412: Hibernate ORM core version 5.6.10.Final
2022-10-04T16:58:39.030+0700 [main] INFO  org.hibernate.annotations.common.Version - [] - HCANN000001: Hibernate Commons Annotations {5.1.2.Final}
2022-10-04T16:58:39.134+0700 [main] INFO  com.zaxxer.hikari.HikariDataSource - [] - HikariPool-1 - Starting...
2022-10-04T16:58:39.364+0700 [main] INFO  com.zaxxer.hikari.HikariDataSource - [] - HikariPool-1 - Start completed.
2022-10-04T16:58:39.381+0700 [main] INFO  org.hibernate.dialect.Dialect - [] - HHH000400: Using dialect: org.hibernate.dialect.PostgreSQLDialect
2022-10-04T16:58:39.968+0700 [main] INFO  org.hibernate.engine.transaction.jta.platform.internal.JtaPlatformInitiator - [] - HHH000490: Using JtaPlatform implementation: [org.hibernate.engine.transaction.jta.platform.internal.NoJtaPlatform]
2022-10-04T16:58:39.975+0700 [main] INFO  org.springframework.orm.jpa.LocalContainerEntityManagerFactoryBean - [] - Initialized JPA EntityManagerFactory for persistence unit 'default'
2022-10-04T16:58:40.233+0700 [main] WARN  org.springframework.boot.autoconfigure.orm.jpa.JpaBaseConfiguration$JpaWebConfiguration - [] - spring.jpa.open-in-view is enabled by default. Therefore, database queries may be performed during view rendering. Explicitly configure spring.jpa.open-in-view to disable this warning
2022-10-04T16:58:40.367+0700 [main] WARN  org.springframework.security.config.annotation.web.builders.WebSecurity - [] - You are asking Spring Security to ignore Ant [pattern='/public/**']. This is not recommended -- please use permitAll via HttpSecurity#authorizeHttpRequests instead.
2022-10-04T16:58:40.368+0700 [main] INFO  org.springframework.security.web.DefaultSecurityFilterChain - [] - Will not secure Ant [pattern='/public/**']
2022-10-04T16:58:40.368+0700 [main] WARN  org.springframework.security.config.annotation.web.builders.WebSecurity - [] - You are asking Spring Security to ignore Ant [pattern='/*/v3/api-docs/**']. This is not recommended -- please use permitAll via HttpSecurity#authorizeHttpRequests instead.
2022-10-04T16:58:40.368+0700 [main] INFO  org.springframework.security.web.DefaultSecurityFilterChain - [] - Will not secure Ant [pattern='/*/v3/api-docs/**']
2022-10-04T16:58:40.368+0700 [main] WARN  org.springframework.security.config.annotation.web.builders.WebSecurity - [] - You are asking Spring Security to ignore Ant [pattern='/*/swagger-ui.html']. This is not recommended -- please use permitAll via HttpSecurity#authorizeHttpRequests instead.
2022-10-04T16:58:40.368+0700 [main] INFO  org.springframework.security.web.DefaultSecurityFilterChain - [] - Will not secure Ant [pattern='/*/swagger-ui.html']
2022-10-04T16:58:40.368+0700 [main] WARN  org.springframework.security.config.annotation.web.builders.WebSecurity - [] - You are asking Spring Security to ignore Ant [pattern='/*/swagger-ui/**']. This is not recommended -- please use permitAll via HttpSecurity#authorizeHttpRequests instead.
2022-10-04T16:58:40.368+0700 [main] INFO  org.springframework.security.web.DefaultSecurityFilterChain - [] - Will not secure Ant [pattern='/*/swagger-ui/**']
2022-10-04T16:58:40.368+0700 [main] WARN  org.springframework.security.config.annotation.web.builders.WebSecurity - [] - You are asking Spring Security to ignore Ant [pattern='/**/api-docs/**']. This is not recommended -- please use permitAll via HttpSecurity#authorizeHttpRequests instead.
2022-10-04T16:58:40.368+0700 [main] INFO  org.springframework.security.web.DefaultSecurityFilterChain - [] - Will not secure Ant [pattern='/**/api-docs/**']
2022-10-04T16:58:40.385+0700 [main] INFO  org.springframework.security.web.DefaultSecurityFilterChain - [] - Will secure any request with [org.springframework.security.web.session.DisableEncodeUrlFilter@7eb774c3, org.springframework.security.web.context.request.async.WebAsyncManagerIntegrationFilter@72015156, org.springframework.security.web.context.SecurityContextPersistenceFilter@5357de0e, org.springframework.security.web.header.HeaderWriterFilter@47eff554, org.springframework.security.web.authentication.logout.LogoutFilter@3c108c05, com.icheck.backend.filters.JwtRequestFilter@2401856, org.springframework.security.web.savedrequest.RequestCacheAwareFilter@4a29a1e6, org.springframework.security.web.servletapi.SecurityContextHolderAwareRequestFilter@3efb863c, org.springframework.security.web.authentication.AnonymousAuthenticationFilter@3a42145, org.springframework.security.web.session.SessionManagementFilter@1cb929a9, org.springframework.security.web.access.ExceptionTranslationFilter@31b67d61, org.springframework.security.web.access.intercept.AuthorizationFilter@4ac77269]
2022-10-04T16:58:40.677+0700 [main] INFO  org.apache.coyote.http11.Http11NioProtocol - [] - Starting ProtocolHandler ["http-nio-8081"]
2022-10-04T16:58:40.692+0700 [main] INFO  org.springframework.boot.web.embedded.tomcat.TomcatWebServer - [] - Tomcat started on port(s): 8081 (http) with context path ''
2022-10-04T16:58:40.706+0700 [main] INFO  com.icheck.backend.BackendApplication - [] - Started BackendApplication in 3.61 seconds (JVM running for 4.42)
2022-10-04T16:59:13.997+0700 [http-nio-8081-exec-1] INFO  org.apache.catalina.core.ContainerBase.[Tomcat].[localhost].[/] - [] - Initializing Spring DispatcherServlet 'dispatcherServlet'
2022-10-04T16:59:13.997+0700 [http-nio-8081-exec-1] INFO  org.springframework.web.servlet.DispatcherServlet - [] - Initializing Servlet 'dispatcherServlet'
2022-10-04T16:59:13.998+0700 [http-nio-8081-exec-1] INFO  org.springframework.web.servlet.DispatcherServlet - [] - Completed initialization in 0 ms
2022-10-04T17:11:36.481+0700 [SpringApplicationShutdownHook] INFO  org.springframework.orm.jpa.LocalContainerEntityManagerFactoryBean - [] - Closing JPA EntityManagerFactory for persistence unit 'default'
2022-10-04T17:11:36.483+0700 [SpringApplicationShutdownHook] INFO  com.zaxxer.hikari.HikariDataSource - [] - HikariPool-1 - Shutdown initiated...
2022-10-04T17:11:36.487+0700 [SpringApplicationShutdownHook] INFO  com.zaxxer.hikari.HikariDataSource - [] - HikariPool-1 - Shutdown completed.
2022-10-04T17:11:42.336+0700 [main] INFO  com.icheck.backend.BackendApplication - [] - Starting BackendApplication using Java 17.0.1 on DESKTOP-8I9PRAS with PID 11020 (E:\Documents\JAVA\SPRING_BOOT\Stamp-Enterprise-Management-System\backend\target\classes started by Ling in E:\Documents\JAVA\SPRING_BOOT\Stamp-Enterprise-Management-System)
2022-10-04T17:11:42.342+0700 [main] INFO  com.icheck.backend.BackendApplication - [] - No active profile set, falling back to 1 default profile: "default"
2022-10-04T17:11:43.318+0700 [main] INFO  org.springframework.data.repository.config.RepositoryConfigurationDelegate - [] - Bootstrapping Spring Data JPA repositories in DEFAULT mode.
2022-10-04T17:11:43.375+0700 [main] INFO  org.springframework.data.repository.config.RepositoryConfigurationDelegate - [] - Finished Spring Data repository scanning in 47 ms. Found 2 JPA repository interfaces.
2022-10-04T17:11:43.828+0700 [main] INFO  org.springframework.boot.web.embedded.tomcat.TomcatWebServer - [] - Tomcat initialized with port(s): 8081 (http)
2022-10-04T17:11:43.842+0700 [main] INFO  org.apache.coyote.http11.Http11NioProtocol - [] - Initializing ProtocolHandler ["http-nio-8081"]
2022-10-04T17:11:43.842+0700 [main] INFO  org.apache.catalina.core.StandardService - [] - Starting service [Tomcat]
2022-10-04T17:11:43.843+0700 [main] INFO  org.apache.catalina.core.StandardEngine - [] - Starting Servlet engine: [Apache Tomcat/9.0.65]
2022-10-04T17:11:43.975+0700 [main] INFO  org.apache.catalina.core.ContainerBase.[Tomcat].[localhost].[/] - [] - Initializing Spring embedded WebApplicationContext
2022-10-04T17:11:43.975+0700 [main] INFO  org.springframework.boot.web.servlet.context.ServletWebServerApplicationContext - [] - Root WebApplicationContext: initialization completed in 1590 ms
2022-10-04T17:11:44.182+0700 [main] INFO  org.hibernate.Version - [] - HHH000412: Hibernate ORM core version 5.6.10.Final
2022-10-04T17:11:44.336+0700 [main] INFO  org.hibernate.annotations.common.Version - [] - HCANN000001: Hibernate Commons Annotations {5.1.2.Final}
2022-10-04T17:11:44.451+0700 [main] INFO  com.zaxxer.hikari.HikariDataSource - [] - HikariPool-1 - Starting...
2022-10-04T17:11:44.660+0700 [main] INFO  com.zaxxer.hikari.HikariDataSource - [] - HikariPool-1 - Start completed.
2022-10-04T17:11:44.680+0700 [main] INFO  org.hibernate.dialect.Dialect - [] - HHH000400: Using dialect: org.hibernate.dialect.PostgreSQLDialect
2022-10-04T17:11:45.230+0700 [main] INFO  org.hibernate.engine.transaction.jta.platform.internal.JtaPlatformInitiator - [] - HHH000490: Using JtaPlatform implementation: [org.hibernate.engine.transaction.jta.platform.internal.NoJtaPlatform]
2022-10-04T17:11:45.238+0700 [main] INFO  org.springframework.orm.jpa.LocalContainerEntityManagerFactoryBean - [] - Initialized JPA EntityManagerFactory for persistence unit 'default'
2022-10-04T17:11:45.487+0700 [main] WARN  org.springframework.boot.autoconfigure.orm.jpa.JpaBaseConfiguration$JpaWebConfiguration - [] - spring.jpa.open-in-view is enabled by default. Therefore, database queries may be performed during view rendering. Explicitly configure spring.jpa.open-in-view to disable this warning
2022-10-04T17:11:45.625+0700 [main] WARN  org.springframework.security.config.annotation.web.builders.WebSecurity - [] - You are asking Spring Security to ignore Ant [pattern='/public/**']. This is not recommended -- please use permitAll via HttpSecurity#authorizeHttpRequests instead.
2022-10-04T17:11:45.625+0700 [main] INFO  org.springframework.security.web.DefaultSecurityFilterChain - [] - Will not secure Ant [pattern='/public/**']
2022-10-04T17:11:45.626+0700 [main] WARN  org.springframework.security.config.annotation.web.builders.WebSecurity - [] - You are asking Spring Security to ignore Ant [pattern='/*/v3/api-docs/**']. This is not recommended -- please use permitAll via HttpSecurity#authorizeHttpRequests instead.
2022-10-04T17:11:45.626+0700 [main] INFO  org.springframework.security.web.DefaultSecurityFilterChain - [] - Will not secure Ant [pattern='/*/v3/api-docs/**']
2022-10-04T17:11:45.626+0700 [main] WARN  org.springframework.security.config.annotation.web.builders.WebSecurity - [] - You are asking Spring Security to ignore Ant [pattern='/*/swagger-ui.html']. This is not recommended -- please use permitAll via HttpSecurity#authorizeHttpRequests instead.
2022-10-04T17:11:45.626+0700 [main] INFO  org.springframework.security.web.DefaultSecurityFilterChain - [] - Will not secure Ant [pattern='/*/swagger-ui.html']
2022-10-04T17:11:45.626+0700 [main] WARN  org.springframework.security.config.annotation.web.builders.WebSecurity - [] - You are asking Spring Security to ignore Ant [pattern='/*/swagger-ui/**']. This is not recommended -- please use permitAll via HttpSecurity#authorizeHttpRequests instead.
2022-10-04T17:11:45.626+0700 [main] INFO  org.springframework.security.web.DefaultSecurityFilterChain - [] - Will not secure Ant [pattern='/*/swagger-ui/**']
2022-10-04T17:11:45.626+0700 [main] WARN  org.springframework.security.config.annotation.web.builders.WebSecurity - [] - You are asking Spring Security to ignore Ant [pattern='/**/api-docs/**']. This is not recommended -- please use permitAll via HttpSecurity#authorizeHttpRequests instead.
2022-10-04T17:11:45.626+0700 [main] INFO  org.springframework.security.web.DefaultSecurityFilterChain - [] - Will not secure Ant [pattern='/**/api-docs/**']
2022-10-04T17:11:45.641+0700 [main] INFO  org.springframework.security.web.DefaultSecurityFilterChain - [] - Will secure any request with [org.springframework.security.web.session.DisableEncodeUrlFilter@185b7cc6, org.springframework.security.web.context.request.async.WebAsyncManagerIntegrationFilter@2093bb6c, org.springframework.security.web.context.SecurityContextPersistenceFilter@5f877009, org.springframework.security.web.header.HeaderWriterFilter@71098fb3, org.springframework.security.web.authentication.logout.LogoutFilter@346690d6, com.icheck.backend.filters.JwtRequestFilter@3f9b7fe1, org.springframework.security.web.savedrequest.RequestCacheAwareFilter@14b4ce6f, org.springframework.security.web.servletapi.SecurityContextHolderAwareRequestFilter@4a29a1e6, org.springframework.security.web.authentication.AnonymousAuthenticationFilter@528a16fb, org.springframework.security.web.session.SessionManagementFilter@72ce8a9b, org.springframework.security.web.access.ExceptionTranslationFilter@2bee1c13, org.springframework.security.web.access.intercept.AuthorizationFilter@193d7ac7]
2022-10-04T17:11:45.925+0700 [main] INFO  org.apache.coyote.http11.Http11NioProtocol - [] - Starting ProtocolHandler ["http-nio-8081"]
2022-10-04T17:11:45.940+0700 [main] INFO  org.springframework.boot.web.embedded.tomcat.TomcatWebServer - [] - Tomcat started on port(s): 8081 (http) with context path ''
2022-10-04T17:11:45.954+0700 [main] INFO  com.icheck.backend.BackendApplication - [] - Started BackendApplication in 3.965 seconds (JVM running for 4.969)
2022-10-04T17:11:57.134+0700 [http-nio-8081-exec-1] INFO  org.apache.catalina.core.ContainerBase.[Tomcat].[localhost].[/] - [] - Initializing Spring DispatcherServlet 'dispatcherServlet'
2022-10-04T17:11:57.134+0700 [http-nio-8081-exec-1] INFO  org.springframework.web.servlet.DispatcherServlet - [] - Initializing Servlet 'dispatcherServlet'
2022-10-04T17:11:57.134+0700 [http-nio-8081-exec-1] INFO  org.springframework.web.servlet.DispatcherServlet - [] - Completed initialization in 0 ms
2022-10-04T17:23:52.707+0700 [SpringApplicationShutdownHook] INFO  org.springframework.orm.jpa.LocalContainerEntityManagerFactoryBean - [] - Closing JPA EntityManagerFactory for persistence unit 'default'
2022-10-04T17:23:52.709+0700 [SpringApplicationShutdownHook] INFO  com.zaxxer.hikari.HikariDataSource - [] - HikariPool-1 - Shutdown initiated...
2022-10-04T17:23:52.711+0700 [SpringApplicationShutdownHook] INFO  com.zaxxer.hikari.HikariDataSource - [] - HikariPool-1 - Shutdown completed.
2022-10-04T17:23:58.143+0700 [main] INFO  com.icheck.backend.BackendApplication - [] - Starting BackendApplication using Java 17.0.1 on DESKTOP-8I9PRAS with PID 11828 (E:\Documents\JAVA\SPRING_BOOT\Stamp-Enterprise-Management-System\backend\target\classes started by Ling in E:\Documents\JAVA\SPRING_BOOT\Stamp-Enterprise-Management-System)
2022-10-04T17:23:58.148+0700 [main] INFO  com.icheck.backend.BackendApplication - [] - No active profile set, falling back to 1 default profile: "default"
2022-10-04T17:23:58.737+0700 [main] INFO  org.springframework.data.repository.config.RepositoryConfigurationDelegate - [] - Bootstrapping Spring Data JPA repositories in DEFAULT mode.
2022-10-04T17:23:58.795+0700 [main] INFO  org.springframework.data.repository.config.RepositoryConfigurationDelegate - [] - Finished Spring Data repository scanning in 48 ms. Found 2 JPA repository interfaces.
2022-10-04T17:23:59.223+0700 [main] INFO  org.springframework.boot.web.embedded.tomcat.TomcatWebServer - [] - Tomcat initialized with port(s): 8081 (http)
2022-10-04T17:23:59.236+0700 [main] INFO  org.apache.coyote.http11.Http11NioProtocol - [] - Initializing ProtocolHandler ["http-nio-8081"]
2022-10-04T17:23:59.236+0700 [main] INFO  org.apache.catalina.core.StandardService - [] - Starting service [Tomcat]
2022-10-04T17:23:59.237+0700 [main] INFO  org.apache.catalina.core.StandardEngine - [] - Starting Servlet engine: [Apache Tomcat/9.0.65]
2022-10-04T17:23:59.360+0700 [main] INFO  org.apache.catalina.core.ContainerBase.[Tomcat].[localhost].[/] - [] - Initializing Spring embedded WebApplicationContext
2022-10-04T17:23:59.360+0700 [main] INFO  org.springframework.boot.web.servlet.context.ServletWebServerApplicationContext - [] - Root WebApplicationContext: initialization completed in 1163 ms
2022-10-04T17:23:59.539+0700 [main] INFO  org.hibernate.Version - [] - HHH000412: Hibernate ORM core version 5.6.10.Final
2022-10-04T17:23:59.684+0700 [main] INFO  org.hibernate.annotations.common.Version - [] - HCANN000001: Hibernate Commons Annotations {5.1.2.Final}
2022-10-04T17:23:59.790+0700 [main] INFO  com.zaxxer.hikari.HikariDataSource - [] - HikariPool-1 - Starting...
2022-10-04T17:24:00.042+0700 [main] INFO  com.zaxxer.hikari.HikariDataSource - [] - HikariPool-1 - Start completed.
2022-10-04T17:24:00.058+0700 [main] INFO  org.hibernate.dialect.Dialect - [] - HHH000400: Using dialect: org.hibernate.dialect.PostgreSQLDialect
2022-10-04T17:24:00.755+0700 [main] INFO  org.hibernate.engine.transaction.jta.platform.internal.JtaPlatformInitiator - [] - HHH000490: Using JtaPlatform implementation: [org.hibernate.engine.transaction.jta.platform.internal.NoJtaPlatform]
2022-10-04T17:24:00.762+0700 [main] INFO  org.springframework.orm.jpa.LocalContainerEntityManagerFactoryBean - [] - Initialized JPA EntityManagerFactory for persistence unit 'default'
2022-10-04T17:24:01.017+0700 [main] WARN  org.springframework.boot.autoconfigure.orm.jpa.JpaBaseConfiguration$JpaWebConfiguration - [] - spring.jpa.open-in-view is enabled by default. Therefore, database queries may be performed during view rendering. Explicitly configure spring.jpa.open-in-view to disable this warning
2022-10-04T17:24:01.164+0700 [main] WARN  org.springframework.security.config.annotation.web.builders.WebSecurity - [] - You are asking Spring Security to ignore Ant [pattern='/public/**']. This is not recommended -- please use permitAll via HttpSecurity#authorizeHttpRequests instead.
2022-10-04T17:24:01.165+0700 [main] INFO  org.springframework.security.web.DefaultSecurityFilterChain - [] - Will not secure Ant [pattern='/public/**']
2022-10-04T17:24:01.165+0700 [main] WARN  org.springframework.security.config.annotation.web.builders.WebSecurity - [] - You are asking Spring Security to ignore Ant [pattern='/*/v3/api-docs/**']. This is not recommended -- please use permitAll via HttpSecurity#authorizeHttpRequests instead.
2022-10-04T17:24:01.165+0700 [main] INFO  org.springframework.security.web.DefaultSecurityFilterChain - [] - Will not secure Ant [pattern='/*/v3/api-docs/**']
2022-10-04T17:24:01.165+0700 [main] WARN  org.springframework.security.config.annotation.web.builders.WebSecurity - [] - You are asking Spring Security to ignore Ant [pattern='/*/swagger-ui.html']. This is not recommended -- please use permitAll via HttpSecurity#authorizeHttpRequests instead.
2022-10-04T17:24:01.165+0700 [main] INFO  org.springframework.security.web.DefaultSecurityFilterChain - [] - Will not secure Ant [pattern='/*/swagger-ui.html']
2022-10-04T17:24:01.165+0700 [main] WARN  org.springframework.security.config.annotation.web.builders.WebSecurity - [] - You are asking Spring Security to ignore Ant [pattern='/*/swagger-ui/**']. This is not recommended -- please use permitAll via HttpSecurity#authorizeHttpRequests instead.
2022-10-04T17:24:01.165+0700 [main] INFO  org.springframework.security.web.DefaultSecurityFilterChain - [] - Will not secure Ant [pattern='/*/swagger-ui/**']
2022-10-04T17:24:01.165+0700 [main] WARN  org.springframework.security.config.annotation.web.builders.WebSecurity - [] - You are asking Spring Security to ignore Ant [pattern='/**/api-docs/**']. This is not recommended -- please use permitAll via HttpSecurity#authorizeHttpRequests instead.
2022-10-04T17:24:01.165+0700 [main] INFO  org.springframework.security.web.DefaultSecurityFilterChain - [] - Will not secure Ant [pattern='/**/api-docs/**']
2022-10-04T17:24:01.182+0700 [main] INFO  org.springframework.security.web.DefaultSecurityFilterChain - [] - Will secure any request with [org.springframework.security.web.session.DisableEncodeUrlFilter@2093bb6c, org.springframework.security.web.context.request.async.WebAsyncManagerIntegrationFilter@528a16fb, org.springframework.security.web.context.SecurityContextPersistenceFilter@591ba330, org.springframework.security.web.header.HeaderWriterFilter@75e92bb7, org.springframework.security.web.authentication.logout.LogoutFilter@2831c178, com.icheck.backend.filters.JwtRequestFilter@2f79f192, org.springframework.security.web.savedrequest.RequestCacheAwareFilter@7c5c2b17, org.springframework.security.web.servletapi.SecurityContextHolderAwareRequestFilter@57ac2910, org.springframework.security.web.authentication.AnonymousAuthenticationFilter@3673e211, org.springframework.security.web.session.SessionManagementFilter@47c15468, org.springframework.security.web.access.ExceptionTranslationFilter@1859b996, org.springframework.security.web.access.intercept.AuthorizationFilter@7d0333c8]
2022-10-04T17:24:01.478+0700 [main] INFO  org.apache.coyote.http11.Http11NioProtocol - [] - Starting ProtocolHandler ["http-nio-8081"]
2022-10-04T17:24:01.493+0700 [main] INFO  org.springframework.boot.web.embedded.tomcat.TomcatWebServer - [] - Tomcat started on port(s): 8081 (http) with context path ''
2022-10-04T17:24:01.508+0700 [main] INFO  com.icheck.backend.BackendApplication - [] - Started BackendApplication in 3.744 seconds (JVM running for 4.612)
2022-10-04T17:24:45.388+0700 [http-nio-8081-exec-1] INFO  org.apache.catalina.core.ContainerBase.[Tomcat].[localhost].[/] - [] - Initializing Spring DispatcherServlet 'dispatcherServlet'
2022-10-04T17:24:45.388+0700 [http-nio-8081-exec-1] INFO  org.springframework.web.servlet.DispatcherServlet - [] - Initializing Servlet 'dispatcherServlet'
2022-10-04T17:24:45.388+0700 [http-nio-8081-exec-1] INFO  org.springframework.web.servlet.DispatcherServlet - [] - Completed initialization in 0 ms
2022-10-04T17:32:27.028+0700 [SpringApplicationShutdownHook] INFO  org.springframework.orm.jpa.LocalContainerEntityManagerFactoryBean - [] - Closing JPA EntityManagerFactory for persistence unit 'default'
2022-10-04T17:32:27.030+0700 [SpringApplicationShutdownHook] INFO  com.zaxxer.hikari.HikariDataSource - [] - HikariPool-1 - Shutdown initiated...
2022-10-04T17:32:27.032+0700 [SpringApplicationShutdownHook] INFO  com.zaxxer.hikari.HikariDataSource - [] - HikariPool-1 - Shutdown completed.
2022-10-04T17:32:32.648+0700 [main] INFO  com.icheck.backend.BackendApplication - [] - Starting BackendApplication using Java 17.0.1 on DESKTOP-8I9PRAS with PID 17632 (E:\Documents\JAVA\SPRING_BOOT\Stamp-Enterprise-Management-System\backend\target\classes started by Ling in E:\Documents\JAVA\SPRING_BOOT\Stamp-Enterprise-Management-System)
2022-10-04T17:32:32.652+0700 [main] INFO  com.icheck.backend.BackendApplication - [] - No active profile set, falling back to 1 default profile: "default"
2022-10-04T17:32:33.217+0700 [main] INFO  org.springframework.data.repository.config.RepositoryConfigurationDelegate - [] - Bootstrapping Spring Data JPA repositories in DEFAULT mode.
2022-10-04T17:32:33.272+0700 [main] INFO  org.springframework.data.repository.config.RepositoryConfigurationDelegate - [] - Finished Spring Data repository scanning in 44 ms. Found 2 JPA repository interfaces.
2022-10-04T17:32:33.704+0700 [main] INFO  org.springframework.boot.web.embedded.tomcat.TomcatWebServer - [] - Tomcat initialized with port(s): 8081 (http)
2022-10-04T17:32:33.718+0700 [main] INFO  org.apache.coyote.http11.Http11NioProtocol - [] - Initializing ProtocolHandler ["http-nio-8081"]
2022-10-04T17:32:33.718+0700 [main] INFO  org.apache.catalina.core.StandardService - [] - Starting service [Tomcat]
2022-10-04T17:32:33.718+0700 [main] INFO  org.apache.catalina.core.StandardEngine - [] - Starting Servlet engine: [Apache Tomcat/9.0.65]
2022-10-04T17:32:33.840+0700 [main] INFO  org.apache.catalina.core.ContainerBase.[Tomcat].[localhost].[/] - [] - Initializing Spring embedded WebApplicationContext
2022-10-04T17:32:33.841+0700 [main] INFO  org.springframework.boot.web.servlet.context.ServletWebServerApplicationContext - [] - Root WebApplicationContext: initialization completed in 1151 ms
2022-10-04T17:32:34.026+0700 [main] INFO  org.hibernate.Version - [] - HHH000412: Hibernate ORM core version 5.6.10.Final
2022-10-04T17:32:34.156+0700 [main] INFO  org.hibernate.annotations.common.Version - [] - HCANN000001: Hibernate Commons Annotations {5.1.2.Final}
2022-10-04T17:32:34.259+0700 [main] INFO  com.zaxxer.hikari.HikariDataSource - [] - HikariPool-1 - Starting...
2022-10-04T17:32:34.499+0700 [main] INFO  com.zaxxer.hikari.HikariDataSource - [] - HikariPool-1 - Start completed.
2022-10-04T17:32:34.525+0700 [main] INFO  org.hibernate.dialect.Dialect - [] - HHH000400: Using dialect: org.hibernate.dialect.PostgreSQLDialect
2022-10-04T17:32:35.117+0700 [main] INFO  org.hibernate.engine.transaction.jta.platform.internal.JtaPlatformInitiator - [] - HHH000490: Using JtaPlatform implementation: [org.hibernate.engine.transaction.jta.platform.internal.NoJtaPlatform]
2022-10-04T17:32:35.129+0700 [main] INFO  org.springframework.orm.jpa.LocalContainerEntityManagerFactoryBean - [] - Initialized JPA EntityManagerFactory for persistence unit 'default'
2022-10-04T17:32:35.495+0700 [main] WARN  org.springframework.boot.autoconfigure.orm.jpa.JpaBaseConfiguration$JpaWebConfiguration - [] - spring.jpa.open-in-view is enabled by default. Therefore, database queries may be performed during view rendering. Explicitly configure spring.jpa.open-in-view to disable this warning
2022-10-04T17:32:35.640+0700 [main] WARN  org.springframework.security.config.annotation.web.builders.WebSecurity - [] - You are asking Spring Security to ignore Ant [pattern='/public/**']. This is not recommended -- please use permitAll via HttpSecurity#authorizeHttpRequests instead.
2022-10-04T17:32:35.640+0700 [main] INFO  org.springframework.security.web.DefaultSecurityFilterChain - [] - Will not secure Ant [pattern='/public/**']
2022-10-04T17:32:35.641+0700 [main] WARN  org.springframework.security.config.annotation.web.builders.WebSecurity - [] - You are asking Spring Security to ignore Ant [pattern='/*/v3/api-docs/**']. This is not recommended -- please use permitAll via HttpSecurity#authorizeHttpRequests instead.
2022-10-04T17:32:35.641+0700 [main] INFO  org.springframework.security.web.DefaultSecurityFilterChain - [] - Will not secure Ant [pattern='/*/v3/api-docs/**']
2022-10-04T17:32:35.641+0700 [main] WARN  org.springframework.security.config.annotation.web.builders.WebSecurity - [] - You are asking Spring Security to ignore Ant [pattern='/*/swagger-ui.html']. This is not recommended -- please use permitAll via HttpSecurity#authorizeHttpRequests instead.
2022-10-04T17:32:35.641+0700 [main] INFO  org.springframework.security.web.DefaultSecurityFilterChain - [] - Will not secure Ant [pattern='/*/swagger-ui.html']
2022-10-04T17:32:35.641+0700 [main] WARN  org.springframework.security.config.annotation.web.builders.WebSecurity - [] - You are asking Spring Security to ignore Ant [pattern='/*/swagger-ui/**']. This is not recommended -- please use permitAll via HttpSecurity#authorizeHttpRequests instead.
2022-10-04T17:32:35.641+0700 [main] INFO  org.springframework.security.web.DefaultSecurityFilterChain - [] - Will not secure Ant [pattern='/*/swagger-ui/**']
2022-10-04T17:32:35.641+0700 [main] WARN  org.springframework.security.config.annotation.web.builders.WebSecurity - [] - You are asking Spring Security to ignore Ant [pattern='/**/api-docs/**']. This is not recommended -- please use permitAll via HttpSecurity#authorizeHttpRequests instead.
2022-10-04T17:32:35.641+0700 [main] INFO  org.springframework.security.web.DefaultSecurityFilterChain - [] - Will not secure Ant [pattern='/**/api-docs/**']
2022-10-04T17:32:35.661+0700 [main] INFO  org.springframework.security.web.DefaultSecurityFilterChain - [] - Will secure any request with [org.springframework.security.web.session.DisableEncodeUrlFilter@72015156, org.springframework.security.web.context.request.async.WebAsyncManagerIntegrationFilter@3a42145, org.springframework.security.web.context.SecurityContextPersistenceFilter@6f651ac, org.springframework.security.web.header.HeaderWriterFilter@56ec6ac0, org.springframework.security.web.authentication.logout.LogoutFilter@193d7ac7, com.icheck.backend.filters.JwtRequestFilter@6af5b246, org.springframework.security.web.savedrequest.RequestCacheAwareFilter@57ac2910, org.springframework.security.web.servletapi.SecurityContextHolderAwareRequestFilter@5527dbb0, org.springframework.security.web.authentication.AnonymousAuthenticationFilter@bb38c49, org.springframework.security.web.session.SessionManagementFilter@2ecc4be7, org.springframework.security.web.access.ExceptionTranslationFilter@2b66bf1c, org.springframework.security.web.access.intercept.AuthorizationFilter@638d624a]
2022-10-04T17:32:35.963+0700 [main] INFO  org.apache.coyote.http11.Http11NioProtocol - [] - Starting ProtocolHandler ["http-nio-8081"]
2022-10-04T17:32:35.979+0700 [main] INFO  org.springframework.boot.web.embedded.tomcat.TomcatWebServer - [] - Tomcat started on port(s): 8081 (http) with context path ''
2022-10-04T17:32:35.994+0700 [main] INFO  com.icheck.backend.BackendApplication - [] - Started BackendApplication in 3.674 seconds (JVM running for 4.505)
2022-10-04T17:32:39.052+0700 [http-nio-8081-exec-1] INFO  org.apache.catalina.core.ContainerBase.[Tomcat].[localhost].[/] - [] - Initializing Spring DispatcherServlet 'dispatcherServlet'
2022-10-04T17:32:39.052+0700 [http-nio-8081-exec-1] INFO  org.springframework.web.servlet.DispatcherServlet - [] - Initializing Servlet 'dispatcherServlet'
2022-10-04T17:32:39.053+0700 [http-nio-8081-exec-1] INFO  org.springframework.web.servlet.DispatcherServlet - [] - Completed initialization in 1 ms
2022-10-04T17:48:18.539+0700 [SpringApplicationShutdownHook] INFO  org.springframework.orm.jpa.LocalContainerEntityManagerFactoryBean - [] - Closing JPA EntityManagerFactory for persistence unit 'default'
2022-10-04T17:48:18.540+0700 [SpringApplicationShutdownHook] INFO  com.zaxxer.hikari.HikariDataSource - [] - HikariPool-1 - Shutdown initiated...
2022-10-04T17:48:18.543+0700 [SpringApplicationShutdownHook] INFO  com.zaxxer.hikari.HikariDataSource - [] - HikariPool-1 - Shutdown completed.
2022-10-04T17:48:24.321+0700 [main] INFO  com.icheck.backend.BackendApplication - [] - Starting BackendApplication using Java 17.0.1 on DESKTOP-8I9PRAS with PID 16652 (E:\Documents\JAVA\SPRING_BOOT\Stamp-Enterprise-Management-System\backend\target\classes started by Ling in E:\Documents\JAVA\SPRING_BOOT\Stamp-Enterprise-Management-System)
2022-10-04T17:48:24.328+0700 [main] INFO  com.icheck.backend.BackendApplication - [] - No active profile set, falling back to 1 default profile: "default"
2022-10-04T17:48:24.895+0700 [main] INFO  org.springframework.data.repository.config.RepositoryConfigurationDelegate - [] - Bootstrapping Spring Data JPA repositories in DEFAULT mode.
2022-10-04T17:48:24.950+0700 [main] INFO  org.springframework.data.repository.config.RepositoryConfigurationDelegate - [] - Finished Spring Data repository scanning in 44 ms. Found 2 JPA repository interfaces.
2022-10-04T17:48:25.379+0700 [main] INFO  org.springframework.boot.web.embedded.tomcat.TomcatWebServer - [] - Tomcat initialized with port(s): 8081 (http)
2022-10-04T17:48:25.393+0700 [main] INFO  org.apache.coyote.http11.Http11NioProtocol - [] - Initializing ProtocolHandler ["http-nio-8081"]
2022-10-04T17:48:25.393+0700 [main] INFO  org.apache.catalina.core.StandardService - [] - Starting service [Tomcat]
2022-10-04T17:48:25.394+0700 [main] INFO  org.apache.catalina.core.StandardEngine - [] - Starting Servlet engine: [Apache Tomcat/9.0.65]
2022-10-04T17:48:25.526+0700 [main] INFO  org.apache.catalina.core.ContainerBase.[Tomcat].[localhost].[/] - [] - Initializing Spring embedded WebApplicationContext
2022-10-04T17:48:25.526+0700 [main] INFO  org.springframework.boot.web.servlet.context.ServletWebServerApplicationContext - [] - Root WebApplicationContext: initialization completed in 1155 ms
2022-10-04T17:48:25.705+0700 [main] INFO  org.hibernate.Version - [] - HHH000412: Hibernate ORM core version 5.6.10.Final
2022-10-04T17:48:25.834+0700 [main] INFO  org.hibernate.annotations.common.Version - [] - HCANN000001: Hibernate Commons Annotations {5.1.2.Final}
2022-10-04T17:48:25.947+0700 [main] INFO  com.zaxxer.hikari.HikariDataSource - [] - HikariPool-1 - Starting...
2022-10-04T17:48:26.156+0700 [main] INFO  com.zaxxer.hikari.HikariDataSource - [] - HikariPool-1 - Start completed.
2022-10-04T17:48:26.176+0700 [main] INFO  org.hibernate.dialect.Dialect - [] - HHH000400: Using dialect: org.hibernate.dialect.PostgreSQLDialect
2022-10-04T17:48:26.683+0700 [main] INFO  org.hibernate.engine.transaction.jta.platform.internal.JtaPlatformInitiator - [] - HHH000490: Using JtaPlatform implementation: [org.hibernate.engine.transaction.jta.platform.internal.NoJtaPlatform]
2022-10-04T17:48:26.689+0700 [main] INFO  org.springframework.orm.jpa.LocalContainerEntityManagerFactoryBean - [] - Initialized JPA EntityManagerFactory for persistence unit 'default'
2022-10-04T17:48:26.931+0700 [main] WARN  org.springframework.boot.autoconfigure.orm.jpa.JpaBaseConfiguration$JpaWebConfiguration - [] - spring.jpa.open-in-view is enabled by default. Therefore, database queries may be performed during view rendering. Explicitly configure spring.jpa.open-in-view to disable this warning
2022-10-04T17:48:27.070+0700 [main] WARN  org.springframework.security.config.annotation.web.builders.WebSecurity - [] - You are asking Spring Security to ignore Ant [pattern='/public/**']. This is not recommended -- please use permitAll via HttpSecurity#authorizeHttpRequests instead.
2022-10-04T17:48:27.071+0700 [main] INFO  org.springframework.security.web.DefaultSecurityFilterChain - [] - Will not secure Ant [pattern='/public/**']
2022-10-04T17:48:27.072+0700 [main] WARN  org.springframework.security.config.annotation.web.builders.WebSecurity - [] - You are asking Spring Security to ignore Ant [pattern='/*/v3/api-docs/**']. This is not recommended -- please use permitAll via HttpSecurity#authorizeHttpRequests instead.
2022-10-04T17:48:27.072+0700 [main] INFO  org.springframework.security.web.DefaultSecurityFilterChain - [] - Will not secure Ant [pattern='/*/v3/api-docs/**']
2022-10-04T17:48:27.072+0700 [main] WARN  org.springframework.security.config.annotation.web.builders.WebSecurity - [] - You are asking Spring Security to ignore Ant [pattern='/*/swagger-ui.html']. This is not recommended -- please use permitAll via HttpSecurity#authorizeHttpRequests instead.
2022-10-04T17:48:27.072+0700 [main] INFO  org.springframework.security.web.DefaultSecurityFilterChain - [] - Will not secure Ant [pattern='/*/swagger-ui.html']
2022-10-04T17:48:27.072+0700 [main] WARN  org.springframework.security.config.annotation.web.builders.WebSecurity - [] - You are asking Spring Security to ignore Ant [pattern='/*/swagger-ui/**']. This is not recommended -- please use permitAll via HttpSecurity#authorizeHttpRequests instead.
2022-10-04T17:48:27.072+0700 [main] INFO  org.springframework.security.web.DefaultSecurityFilterChain - [] - Will not secure Ant [pattern='/*/swagger-ui/**']
2022-10-04T17:48:27.072+0700 [main] WARN  org.springframework.security.config.annotation.web.builders.WebSecurity - [] - You are asking Spring Security to ignore Ant [pattern='/**/api-docs/**']. This is not recommended -- please use permitAll via HttpSecurity#authorizeHttpRequests instead.
2022-10-04T17:48:27.072+0700 [main] INFO  org.springframework.security.web.DefaultSecurityFilterChain - [] - Will not secure Ant [pattern='/**/api-docs/**']
2022-10-04T17:48:27.086+0700 [main] INFO  org.springframework.security.web.DefaultSecurityFilterChain - [] - Will secure any request with [org.springframework.security.web.session.DisableEncodeUrlFilter@3a42145, org.springframework.security.web.context.request.async.WebAsyncManagerIntegrationFilter@bb38c49, org.springframework.security.web.context.SecurityContextPersistenceFilter@4a29a1e6, org.springframework.security.web.header.HeaderWriterFilter@54b35809, org.springframework.security.web.authentication.logout.LogoutFilter@7d0333c8, com.icheck.backend.filters.JwtRequestFilter@31723307, org.springframework.security.web.savedrequest.RequestCacheAwareFilter@3a663a45, org.springframework.security.web.servletapi.SecurityContextHolderAwareRequestFilter@483fe83a, org.springframework.security.web.authentication.AnonymousAuthenticationFilter@4e67e090, org.springframework.security.web.session.SessionManagementFilter@3355d9ba, org.springframework.security.web.access.ExceptionTranslationFilter@47eff554, org.springframework.security.web.access.intercept.AuthorizationFilter@7eb774c3]
2022-10-04T17:48:27.357+0700 [main] INFO  org.apache.coyote.http11.Http11NioProtocol - [] - Starting ProtocolHandler ["http-nio-8081"]
2022-10-04T17:48:27.372+0700 [main] INFO  org.springframework.boot.web.embedded.tomcat.TomcatWebServer - [] - Tomcat started on port(s): 8081 (http) with context path ''
2022-10-04T17:48:27.386+0700 [main] INFO  com.icheck.backend.BackendApplication - [] - Started BackendApplication in 3.369 seconds (JVM running for 4.171)
2022-10-04T17:48:49.866+0700 [http-nio-8081-exec-1] INFO  org.apache.catalina.core.ContainerBase.[Tomcat].[localhost].[/] - [] - Initializing Spring DispatcherServlet 'dispatcherServlet'
2022-10-04T17:48:49.866+0700 [http-nio-8081-exec-1] INFO  org.springframework.web.servlet.DispatcherServlet - [] - Initializing Servlet 'dispatcherServlet'
2022-10-04T17:48:49.867+0700 [http-nio-8081-exec-1] INFO  org.springframework.web.servlet.DispatcherServlet - [] - Completed initialization in 1 ms
2022-10-04T17:50:44.237+0700 [SpringApplicationShutdownHook] INFO  org.springframework.orm.jpa.LocalContainerEntityManagerFactoryBean - [] - Closing JPA EntityManagerFactory for persistence unit 'default'
2022-10-04T17:50:44.239+0700 [SpringApplicationShutdownHook] INFO  com.zaxxer.hikari.HikariDataSource - [] - HikariPool-1 - Shutdown initiated...
2022-10-04T17:50:44.241+0700 [SpringApplicationShutdownHook] INFO  com.zaxxer.hikari.HikariDataSource - [] - HikariPool-1 - Shutdown completed.
2022-10-04T17:50:48.126+0700 [main] INFO  com.icheck.backend.BackendApplication - [] - Starting BackendApplication using Java 17.0.1 on DESKTOP-8I9PRAS with PID 17380 (E:\Documents\JAVA\SPRING_BOOT\Stamp-Enterprise-Management-System\backend\target\classes started by Ling in E:\Documents\JAVA\SPRING_BOOT\Stamp-Enterprise-Management-System)
2022-10-04T17:50:48.133+0700 [main] INFO  com.icheck.backend.BackendApplication - [] - No active profile set, falling back to 1 default profile: "default"
2022-10-04T17:50:49.116+0700 [main] INFO  org.springframework.data.repository.config.RepositoryConfigurationDelegate - [] - Bootstrapping Spring Data JPA repositories in DEFAULT mode.
2022-10-04T17:50:49.192+0700 [main] INFO  org.springframework.data.repository.config.RepositoryConfigurationDelegate - [] - Finished Spring Data repository scanning in 66 ms. Found 2 JPA repository interfaces.
2022-10-04T17:50:49.697+0700 [main] INFO  org.springframework.boot.web.embedded.tomcat.TomcatWebServer - [] - Tomcat initialized with port(s): 8081 (http)
2022-10-04T17:50:49.710+0700 [main] INFO  org.apache.coyote.http11.Http11NioProtocol - [] - Initializing ProtocolHandler ["http-nio-8081"]
2022-10-04T17:50:49.711+0700 [main] INFO  org.apache.catalina.core.StandardService - [] - Starting service [Tomcat]
2022-10-04T17:50:49.711+0700 [main] INFO  org.apache.catalina.core.StandardEngine - [] - Starting Servlet engine: [Apache Tomcat/9.0.65]
2022-10-04T17:50:49.861+0700 [main] INFO  org.apache.catalina.core.ContainerBase.[Tomcat].[localhost].[/] - [] - Initializing Spring embedded WebApplicationContext
2022-10-04T17:50:49.861+0700 [main] INFO  org.springframework.boot.web.servlet.context.ServletWebServerApplicationContext - [] - Root WebApplicationContext: initialization completed in 1675 ms
2022-10-04T17:50:50.051+0700 [main] INFO  org.hibernate.Version - [] - HHH000412: Hibernate ORM core version 5.6.10.Final
2022-10-04T17:50:50.197+0700 [main] INFO  org.hibernate.annotations.common.Version - [] - HCANN000001: Hibernate Commons Annotations {5.1.2.Final}
2022-10-04T17:50:50.318+0700 [main] INFO  com.zaxxer.hikari.HikariDataSource - [] - HikariPool-1 - Starting...
2022-10-04T17:50:50.524+0700 [main] INFO  com.zaxxer.hikari.HikariDataSource - [] - HikariPool-1 - Start completed.
2022-10-04T17:50:50.542+0700 [main] INFO  org.hibernate.dialect.Dialect - [] - HHH000400: Using dialect: org.hibernate.dialect.PostgreSQLDialect
2022-10-04T17:50:51.112+0700 [main] INFO  org.hibernate.engine.transaction.jta.platform.internal.JtaPlatformInitiator - [] - HHH000490: Using JtaPlatform implementation: [org.hibernate.engine.transaction.jta.platform.internal.NoJtaPlatform]
2022-10-04T17:50:51.122+0700 [main] INFO  org.springframework.orm.jpa.LocalContainerEntityManagerFactoryBean - [] - Initialized JPA EntityManagerFactory for persistence unit 'default'
2022-10-04T17:50:51.414+0700 [main] WARN  org.springframework.boot.autoconfigure.orm.jpa.JpaBaseConfiguration$JpaWebConfiguration - [] - spring.jpa.open-in-view is enabled by default. Therefore, database queries may be performed during view rendering. Explicitly configure spring.jpa.open-in-view to disable this warning
2022-10-04T17:50:51.560+0700 [main] WARN  org.springframework.security.config.annotation.web.builders.WebSecurity - [] - You are asking Spring Security to ignore Ant [pattern='/public/**']. This is not recommended -- please use permitAll via HttpSecurity#authorizeHttpRequests instead.
2022-10-04T17:50:51.560+0700 [main] INFO  org.springframework.security.web.DefaultSecurityFilterChain - [] - Will not secure Ant [pattern='/public/**']
2022-10-04T17:50:51.561+0700 [main] WARN  org.springframework.security.config.annotation.web.builders.WebSecurity - [] - You are asking Spring Security to ignore Ant [pattern='/*/v3/api-docs/**']. This is not recommended -- please use permitAll via HttpSecurity#authorizeHttpRequests instead.
2022-10-04T17:50:51.561+0700 [main] INFO  org.springframework.security.web.DefaultSecurityFilterChain - [] - Will not secure Ant [pattern='/*/v3/api-docs/**']
2022-10-04T17:50:51.561+0700 [main] WARN  org.springframework.security.config.annotation.web.builders.WebSecurity - [] - You are asking Spring Security to ignore Ant [pattern='/*/swagger-ui.html']. This is not recommended -- please use permitAll via HttpSecurity#authorizeHttpRequests instead.
2022-10-04T17:50:51.561+0700 [main] INFO  org.springframework.security.web.DefaultSecurityFilterChain - [] - Will not secure Ant [pattern='/*/swagger-ui.html']
2022-10-04T17:50:51.561+0700 [main] WARN  org.springframework.security.config.annotation.web.builders.WebSecurity - [] - You are asking Spring Security to ignore Ant [pattern='/*/swagger-ui/**']. This is not recommended -- please use permitAll via HttpSecurity#authorizeHttpRequests instead.
2022-10-04T17:50:51.561+0700 [main] INFO  org.springframework.security.web.DefaultSecurityFilterChain - [] - Will not secure Ant [pattern='/*/swagger-ui/**']
2022-10-04T17:50:51.561+0700 [main] WARN  org.springframework.security.config.annotation.web.builders.WebSecurity - [] - You are asking Spring Security to ignore Ant [pattern='/**/api-docs/**']. This is not recommended -- please use permitAll via HttpSecurity#authorizeHttpRequests instead.
2022-10-04T17:50:51.561+0700 [main] INFO  org.springframework.security.web.DefaultSecurityFilterChain - [] - Will not secure Ant [pattern='/**/api-docs/**']
2022-10-04T17:50:51.576+0700 [main] INFO  org.springframework.security.web.DefaultSecurityFilterChain - [] - Will secure any request with [org.springframework.security.web.session.DisableEncodeUrlFilter@2093bb6c, org.springframework.security.web.context.request.async.WebAsyncManagerIntegrationFilter@528a16fb, org.springframework.security.web.context.SecurityContextPersistenceFilter@591ba330, org.springframework.security.web.header.HeaderWriterFilter@75e92bb7, org.springframework.security.web.authentication.logout.LogoutFilter@2831c178, com.icheck.backend.filters.JwtRequestFilter@2f79f192, org.springframework.security.web.savedrequest.RequestCacheAwareFilter@7c5c2b17, org.springframework.security.web.servletapi.SecurityContextHolderAwareRequestFilter@57ac2910, org.springframework.security.web.authentication.AnonymousAuthenticationFilter@3673e211, org.springframework.security.web.session.SessionManagementFilter@47c15468, org.springframework.security.web.access.ExceptionTranslationFilter@1859b996, org.springframework.security.web.access.intercept.AuthorizationFilter@7d0333c8]
2022-10-04T17:50:51.881+0700 [main] INFO  org.apache.coyote.http11.Http11NioProtocol - [] - Starting ProtocolHandler ["http-nio-8081"]
2022-10-04T17:50:51.898+0700 [main] INFO  org.springframework.boot.web.embedded.tomcat.TomcatWebServer - [] - Tomcat started on port(s): 8081 (http) with context path ''
2022-10-04T17:50:51.912+0700 [main] INFO  com.icheck.backend.BackendApplication - [] - Started BackendApplication in 4.523 seconds (JVM running for 5.836)
2022-10-04T17:54:27.460+0700 [SpringApplicationShutdownHook] INFO  org.springframework.orm.jpa.LocalContainerEntityManagerFactoryBean - [] - Closing JPA EntityManagerFactory for persistence unit 'default'
2022-10-04T17:54:27.462+0700 [SpringApplicationShutdownHook] INFO  com.zaxxer.hikari.HikariDataSource - [] - HikariPool-1 - Shutdown initiated...
2022-10-04T17:54:27.464+0700 [SpringApplicationShutdownHook] INFO  com.zaxxer.hikari.HikariDataSource - [] - HikariPool-1 - Shutdown completed.
2022-10-04T17:54:30.589+0700 [main] INFO  com.icheck.backend.BackendApplication - [] - Starting BackendApplication using Java 17.0.1 on DESKTOP-8I9PRAS with PID 18072 (E:\Documents\JAVA\SPRING_BOOT\Stamp-Enterprise-Management-System\backend\target\classes started by Ling in E:\Documents\JAVA\SPRING_BOOT\Stamp-Enterprise-Management-System)
2022-10-04T17:54:30.593+0700 [main] INFO  com.icheck.backend.BackendApplication - [] - No active profile set, falling back to 1 default profile: "default"
2022-10-04T17:54:31.190+0700 [main] INFO  org.springframework.data.repository.config.RepositoryConfigurationDelegate - [] - Bootstrapping Spring Data JPA repositories in DEFAULT mode.
2022-10-04T17:54:31.249+0700 [main] INFO  org.springframework.data.repository.config.RepositoryConfigurationDelegate - [] - Finished Spring Data repository scanning in 49 ms. Found 2 JPA repository interfaces.
2022-10-04T17:54:31.730+0700 [main] INFO  org.springframework.boot.web.embedded.tomcat.TomcatWebServer - [] - Tomcat initialized with port(s): 8081 (http)
2022-10-04T17:54:31.743+0700 [main] INFO  org.apache.coyote.http11.Http11NioProtocol - [] - Initializing ProtocolHandler ["http-nio-8081"]
2022-10-04T17:54:31.744+0700 [main] INFO  org.apache.catalina.core.StandardService - [] - Starting service [Tomcat]
2022-10-04T17:54:31.744+0700 [main] INFO  org.apache.catalina.core.StandardEngine - [] - Starting Servlet engine: [Apache Tomcat/9.0.65]
2022-10-04T17:54:31.879+0700 [main] INFO  org.apache.catalina.core.ContainerBase.[Tomcat].[localhost].[/] - [] - Initializing Spring embedded WebApplicationContext
2022-10-04T17:54:31.879+0700 [main] INFO  org.springframework.boot.web.servlet.context.ServletWebServerApplicationContext - [] - Root WebApplicationContext: initialization completed in 1244 ms
2022-10-04T17:54:32.056+0700 [main] INFO  org.hibernate.Version - [] - HHH000412: Hibernate ORM core version 5.6.10.Final
2022-10-04T17:54:32.185+0700 [main] INFO  org.hibernate.annotations.common.Version - [] - HCANN000001: Hibernate Commons Annotations {5.1.2.Final}
2022-10-04T17:54:32.291+0700 [main] INFO  com.zaxxer.hikari.HikariDataSource - [] - HikariPool-1 - Starting...
2022-10-04T17:54:32.499+0700 [main] INFO  com.zaxxer.hikari.HikariDataSource - [] - HikariPool-1 - Start completed.
2022-10-04T17:54:32.519+0700 [main] INFO  org.hibernate.dialect.Dialect - [] - HHH000400: Using dialect: org.hibernate.dialect.PostgreSQLDialect
2022-10-04T17:54:33.022+0700 [main] INFO  org.hibernate.engine.transaction.jta.platform.internal.JtaPlatformInitiator - [] - HHH000490: Using JtaPlatform implementation: [org.hibernate.engine.transaction.jta.platform.internal.NoJtaPlatform]
2022-10-04T17:54:33.029+0700 [main] INFO  org.springframework.orm.jpa.LocalContainerEntityManagerFactoryBean - [] - Initialized JPA EntityManagerFactory for persistence unit 'default'
2022-10-04T17:54:33.270+0700 [main] WARN  org.springframework.boot.autoconfigure.orm.jpa.JpaBaseConfiguration$JpaWebConfiguration - [] - spring.jpa.open-in-view is enabled by default. Therefore, database queries may be performed during view rendering. Explicitly configure spring.jpa.open-in-view to disable this warning
2022-10-04T17:54:33.417+0700 [main] WARN  org.springframework.security.config.annotation.web.builders.WebSecurity - [] - You are asking Spring Security to ignore Ant [pattern='/public/**']. This is not recommended -- please use permitAll via HttpSecurity#authorizeHttpRequests instead.
2022-10-04T17:54:33.417+0700 [main] INFO  org.springframework.security.web.DefaultSecurityFilterChain - [] - Will not secure Ant [pattern='/public/**']
2022-10-04T17:54:33.417+0700 [main] WARN  org.springframework.security.config.annotation.web.builders.WebSecurity - [] - You are asking Spring Security to ignore Ant [pattern='/*/v3/api-docs/**']. This is not recommended -- please use permitAll via HttpSecurity#authorizeHttpRequests instead.
2022-10-04T17:54:33.417+0700 [main] INFO  org.springframework.security.web.DefaultSecurityFilterChain - [] - Will not secure Ant [pattern='/*/v3/api-docs/**']
2022-10-04T17:54:33.418+0700 [main] WARN  org.springframework.security.config.annotation.web.builders.WebSecurity - [] - You are asking Spring Security to ignore Ant [pattern='/*/swagger-ui.html']. This is not recommended -- please use permitAll via HttpSecurity#authorizeHttpRequests instead.
2022-10-04T17:54:33.418+0700 [main] INFO  org.springframework.security.web.DefaultSecurityFilterChain - [] - Will not secure Ant [pattern='/*/swagger-ui.html']
2022-10-04T17:54:33.418+0700 [main] WARN  org.springframework.security.config.annotation.web.builders.WebSecurity - [] - You are asking Spring Security to ignore Ant [pattern='/*/swagger-ui/**']. This is not recommended -- please use permitAll via HttpSecurity#authorizeHttpRequests instead.
2022-10-04T17:54:33.418+0700 [main] INFO  org.springframework.security.web.DefaultSecurityFilterChain - [] - Will not secure Ant [pattern='/*/swagger-ui/**']
2022-10-04T17:54:33.418+0700 [main] WARN  org.springframework.security.config.annotation.web.builders.WebSecurity - [] - You are asking Spring Security to ignore Ant [pattern='/**/api-docs/**']. This is not recommended -- please use permitAll via HttpSecurity#authorizeHttpRequests instead.
2022-10-04T17:54:33.418+0700 [main] INFO  org.springframework.security.web.DefaultSecurityFilterChain - [] - Will not secure Ant [pattern='/**/api-docs/**']
2022-10-04T17:54:33.432+0700 [main] INFO  org.springframework.security.web.DefaultSecurityFilterChain - [] - Will secure any request with [org.springframework.security.web.session.DisableEncodeUrlFilter@bb38c49, org.springframework.security.web.context.request.async.WebAsyncManagerIntegrationFilter@4e67e090, org.springframework.security.web.context.SecurityContextPersistenceFilter@57ac2910, org.springframework.security.web.header.HeaderWriterFilter@4a3383dc, org.springframework.security.web.authentication.logout.LogoutFilter@185b7cc6, com.icheck.backend.filters.JwtRequestFilter@31723307, org.springframework.security.web.savedrequest.RequestCacheAwareFilter@e296794, org.springframework.security.web.servletapi.SecurityContextHolderAwareRequestFilter@16120270, org.springframework.security.web.authentication.AnonymousAuthenticationFilter@361483eb, org.springframework.security.web.session.SessionManagementFilter@5357de0e, org.springframework.security.web.access.ExceptionTranslationFilter@56ec6ac0, org.springframework.security.web.access.intercept.AuthorizationFilter@72015156]
2022-10-04T17:54:33.710+0700 [main] INFO  org.apache.coyote.http11.Http11NioProtocol - [] - Starting ProtocolHandler ["http-nio-8081"]
2022-10-04T17:54:33.725+0700 [main] INFO  org.springframework.boot.web.embedded.tomcat.TomcatWebServer - [] - Tomcat started on port(s): 8081 (http) with context path ''
2022-10-04T17:54:33.738+0700 [main] INFO  com.icheck.backend.BackendApplication - [] - Started BackendApplication in 3.48 seconds (JVM running for 4.359)
2022-10-04T17:54:34.014+0700 [http-nio-8081-exec-1] INFO  org.apache.catalina.core.ContainerBase.[Tomcat].[localhost].[/] - [] - Initializing Spring DispatcherServlet 'dispatcherServlet'
2022-10-04T17:54:34.014+0700 [http-nio-8081-exec-1] INFO  org.springframework.web.servlet.DispatcherServlet - [] - Initializing Servlet 'dispatcherServlet'
2022-10-04T17:54:34.015+0700 [http-nio-8081-exec-1] INFO  org.springframework.web.servlet.DispatcherServlet - [] - Completed initialization in 1 ms
2022-10-04T18:18:52.165+0700 [SpringApplicationShutdownHook] INFO  org.springframework.orm.jpa.LocalContainerEntityManagerFactoryBean - [] - Closing JPA EntityManagerFactory for persistence unit 'default'
2022-10-04T18:18:52.168+0700 [SpringApplicationShutdownHook] INFO  com.zaxxer.hikari.HikariDataSource - [] - HikariPool-1 - Shutdown initiated...
2022-10-04T18:18:52.177+0700 [SpringApplicationShutdownHook] INFO  com.zaxxer.hikari.HikariDataSource - [] - HikariPool-1 - Shutdown completed.
